{"/home/travis/build/npmtest/node-npmtest-strava-v3/test.js":{"path":"/home/travis/build/npmtest/node-npmtest-strava-v3/test.js","s":{"1":2,"2":2,"3":2,"4":2,"5":2,"6":2,"7":2,"8":1,"9":2,"10":2,"11":1,"12":1,"13":1,"14":1,"15":2,"16":2,"17":2,"18":2,"19":1,"20":1,"21":2,"22":2,"23":2,"24":1,"25":1,"26":1,"27":1,"28":1,"29":1,"30":1,"31":1,"32":1,"33":1,"34":1,"35":1,"36":1,"37":1,"38":1,"39":2,"40":2,"41":1,"42":2,"43":2,"44":1,"45":2,"46":2,"47":1,"48":2,"49":2,"50":1,"51":1,"52":1,"53":1,"54":1},"b":{"1":[2,1,1,1],"2":[1,1,1,1],"3":[1,1],"4":[1,1],"5":[1,1],"6":[1,1],"7":[1,1],"8":[1,1],"9":[1,1],"10":[1,1,1],"11":[1,1],"12":[1,1],"13":[1,1],"14":[1,1],"15":[1,1],"16":[1,1],"17":[1,1]},"f":{"1":2,"2":2,"3":2,"4":2,"5":2,"6":1,"7":1,"8":1,"9":2,"10":2,"11":2,"12":2,"13":1},"fnMap":{"1":{"name":"(anonymous_1)","line":12,"loc":{"start":{"line":12,"column":1},"end":{"line":12,"column":13}}},"2":{"name":"(anonymous_2)","line":19,"loc":{"start":{"line":19,"column":5},"end":{"line":19,"column":17}}},"3":{"name":"(anonymous_3)","line":23,"loc":{"start":{"line":23,"column":24},"end":{"line":23,"column":36}}},"4":{"name":"(anonymous_4)","line":61,"loc":{"start":{"line":61,"column":5},"end":{"line":61,"column":17}}},"5":{"name":"(anonymous_5)","line":82,"loc":{"start":{"line":82,"column":5},"end":{"line":82,"column":17}}},"6":{"name":"(anonymous_6)","line":91,"loc":{"start":{"line":91,"column":77},"end":{"line":94,"column":10}}},"7":{"name":"(anonymous_7)","line":112,"loc":{"start":{"line":112,"column":83},"end":{"line":115,"column":10}},"skip":true},"8":{"name":"(anonymous_8)","line":123,"loc":{"start":{"line":123,"column":77},"end":{"line":126,"column":10}},"skip":true},"9":{"name":"(anonymous_9)","line":139,"loc":{"start":{"line":139,"column":12},"end":{"line":139,"column":40}},"skip":true},"10":{"name":"(anonymous_10)","line":147,"loc":{"start":{"line":147,"column":77},"end":{"line":150,"column":10}},"skip":true},"11":{"name":"(anonymous_11)","line":158,"loc":{"start":{"line":158,"column":83},"end":{"line":161,"column":10}},"skip":true},"12":{"name":"(anonymous_12)","line":169,"loc":{"start":{"line":169,"column":79},"end":{"line":172,"column":10}},"skip":true},"13":{"name":"(anonymous_13)","line":180,"loc":{"start":{"line":180,"column":75},"end":{"line":183,"column":10}},"skip":true}},"statementMap":{"1":{"start":{"line":12,"column":0},"end":{"line":195,"column":5}},"2":{"start":{"line":14,"column":4},"end":{"line":14,"column":14}},"3":{"start":{"line":19,"column":4},"end":{"line":56,"column":9}},"4":{"start":{"line":21,"column":8},"end":{"line":21,"column":19}},"5":{"start":{"line":23,"column":8},"end":{"line":35,"column":13}},"6":{"start":{"line":24,"column":12},"end":{"line":34,"column":13}},"7":{"start":{"line":25,"column":16},"end":{"line":28,"column":30}},"8":{"start":{"line":30,"column":16},"end":{"line":33,"column":27}},"9":{"start":{"line":37,"column":8},"end":{"line":39,"column":21}},"10":{"start":{"line":40,"column":8},"end":{"line":53,"column":9}},"11":{"start":{"line":43,"column":12},"end":{"line":46,"column":14}},"12":{"start":{"line":47,"column":12},"end":{"line":47,"column":18}},"13":{"start":{"line":50,"column":12},"end":{"line":51,"column":33}},"14":{"start":{"line":52,"column":12},"end":{"line":52,"column":18}},"15":{"start":{"line":55,"column":8},"end":{"line":55,"column":35}},"16":{"start":{"line":61,"column":4},"end":{"line":63,"column":9}},"17":{"start":{"line":62,"column":8},"end":{"line":62,"column":15}},"18":{"start":{"line":64,"column":4},"end":{"line":77,"column":5}},"19":{"start":{"line":70,"column":8},"end":{"line":70,"column":14}},"20":{"start":{"line":76,"column":8},"end":{"line":76,"column":14}},"21":{"start":{"line":82,"column":4},"end":{"line":84,"column":9}},"22":{"start":{"line":83,"column":8},"end":{"line":83,"column":15}},"23":{"start":{"line":85,"column":4},"end":{"line":194,"column":5}},"24":{"start":{"line":91,"column":8},"end":{"line":99,"column":10}},"25":{"start":{"line":98,"column":12},"end":{"line":98,"column":35}},"26":{"start":{"line":102,"column":8},"end":{"line":104,"column":63}},"27":{"start":{"line":105,"column":8},"end":{"line":105,"column":14}},"28":{"start":{"line":112,"column":8},"end":{"line":121,"column":10},"skip":true},"29":{"start":{"line":119,"column":12},"end":{"line":119,"column":55},"skip":true},"30":{"start":{"line":120,"column":12},"end":{"line":120,"column":48},"skip":true},"31":{"start":{"line":123,"column":8},"end":{"line":136,"column":10},"skip":true},"32":{"start":{"line":130,"column":12},"end":{"line":130,"column":76},"skip":true},"33":{"start":{"line":131,"column":12},"end":{"line":131,"column":73},"skip":true},"34":{"start":{"line":132,"column":12},"end":{"line":132,"column":74},"skip":true},"35":{"start":{"line":133,"column":12},"end":{"line":133,"column":79},"skip":true},"36":{"start":{"line":134,"column":12},"end":{"line":134,"column":25},"skip":true},"37":{"start":{"line":135,"column":12},"end":{"line":135,"column":45},"skip":true},"38":{"start":{"line":138,"column":8},"end":{"line":145,"column":14},"skip":true},"39":{"start":{"line":143,"column":16},"end":{"line":143,"column":29},"skip":true},"40":{"start":{"line":144,"column":16},"end":{"line":144,"column":55},"skip":true},"41":{"start":{"line":147,"column":8},"end":{"line":156,"column":10},"skip":true},"42":{"start":{"line":154,"column":12},"end":{"line":154,"column":25},"skip":true},"43":{"start":{"line":155,"column":12},"end":{"line":155,"column":45},"skip":true},"44":{"start":{"line":158,"column":8},"end":{"line":167,"column":10},"skip":true},"45":{"start":{"line":165,"column":12},"end":{"line":165,"column":25},"skip":true},"46":{"start":{"line":166,"column":12},"end":{"line":166,"column":48},"skip":true},"47":{"start":{"line":169,"column":8},"end":{"line":178,"column":10},"skip":true},"48":{"start":{"line":176,"column":12},"end":{"line":176,"column":25},"skip":true},"49":{"start":{"line":177,"column":12},"end":{"line":177,"column":46},"skip":true},"50":{"start":{"line":180,"column":8},"end":{"line":189,"column":10},"skip":true},"51":{"start":{"line":187,"column":12},"end":{"line":187,"column":94},"skip":true},"52":{"start":{"line":188,"column":12},"end":{"line":188,"column":48},"skip":true},"53":{"start":{"line":192,"column":8},"end":{"line":192,"column":35},"skip":true},"54":{"start":{"line":193,"column":8},"end":{"line":193,"column":14},"skip":true}},"branchMap":{"1":{"line":25,"type":"binary-expr","locations":[{"start":{"line":25,"column":23},"end":{"line":25,"column":62}},{"start":{"line":26,"column":20},"end":{"line":26,"column":70}},{"start":{"line":27,"column":20},"end":{"line":27,"column":71}},{"start":{"line":28,"column":20},"end":{"line":28,"column":29}}]},"2":{"line":30,"type":"binary-expr","locations":[{"start":{"line":30,"column":23},"end":{"line":30,"column":37}},{"start":{"line":31,"column":20},"end":{"line":31,"column":61}},{"start":{"line":32,"column":20},"end":{"line":32,"column":70}},{"start":{"line":33,"column":20},"end":{"line":33,"column":26}}]},"3":{"line":37,"type":"cond-expr","locations":[{"start":{"line":38,"column":14},"end":{"line":38,"column":20}},{"start":{"line":39,"column":14},"end":{"line":39,"column":20}}]},"4":{"line":40,"type":"switch","locations":[{"start":{"line":42,"column":8},"end":{"line":47,"column":18}},{"start":{"line":49,"column":8},"end":{"line":52,"column":18}}]},"5":{"line":44,"type":"binary-expr","locations":[{"start":{"line":44,"column":16},"end":{"line":44,"column":44}},{"start":{"line":44,"column":48},"end":{"line":44,"column":66}}]},"6":{"line":50,"type":"binary-expr","locations":[{"start":{"line":50,"column":21},"end":{"line":50,"column":49}},{"start":{"line":50,"column":53},"end":{"line":50,"column":72}}]},"7":{"line":64,"type":"switch","locations":[{"start":{"line":69,"column":4},"end":{"line":70,"column":14}},{"start":{"line":75,"column":4},"end":{"line":76,"column":14}}]},"8":{"line":85,"type":"switch","locations":[{"start":{"line":90,"column":4},"end":{"line":105,"column":14}},{"start":{"line":111,"column":4},"end":{"line":193,"column":14},"skip":true}]},"9":{"line":91,"type":"binary-expr","locations":[{"start":{"line":91,"column":42},"end":{"line":91,"column":73}},{"start":{"line":91,"column":77},"end":{"line":99,"column":9}}]},"10":{"line":102,"type":"binary-expr","locations":[{"start":{"line":102,"column":18},"end":{"line":102,"column":32}},{"start":{"line":103,"column":12},"end":{"line":103,"column":53}},{"start":{"line":104,"column":12},"end":{"line":104,"column":61}}]},"11":{"line":112,"type":"binary-expr","locations":[{"start":{"line":112,"column":45},"end":{"line":112,"column":79},"skip":true},{"start":{"line":112,"column":83},"end":{"line":121,"column":9},"skip":true}]},"12":{"line":123,"type":"binary-expr","locations":[{"start":{"line":123,"column":42},"end":{"line":123,"column":73},"skip":true},{"start":{"line":123,"column":77},"end":{"line":136,"column":9},"skip":true}]},"13":{"line":138,"type":"binary-expr","locations":[{"start":{"line":138,"column":48},"end":{"line":138,"column":85},"skip":true},{"start":{"line":139,"column":12},"end":{"line":145,"column":13},"skip":true}]},"14":{"line":147,"type":"binary-expr","locations":[{"start":{"line":147,"column":42},"end":{"line":147,"column":73},"skip":true},{"start":{"line":147,"column":77},"end":{"line":156,"column":9},"skip":true}]},"15":{"line":158,"type":"binary-expr","locations":[{"start":{"line":158,"column":45},"end":{"line":158,"column":79},"skip":true},{"start":{"line":158,"column":83},"end":{"line":167,"column":9},"skip":true}]},"16":{"line":169,"type":"binary-expr","locations":[{"start":{"line":169,"column":43},"end":{"line":169,"column":75},"skip":true},{"start":{"line":169,"column":79},"end":{"line":178,"column":9},"skip":true}]},"17":{"line":180,"type":"binary-expr","locations":[{"start":{"line":180,"column":41},"end":{"line":180,"column":71},"skip":true},{"start":{"line":180,"column":75},"end":{"line":189,"column":9},"skip":true}]}},"code":["/* istanbul instrument in package npmtest_strava_v3 */","/*jslint","    bitwise: true,","    browser: true,","    maxerr: 8,","    maxlen: 96,","    node: true,","    nomen: true,","    regexp: true,","    stupid: true","*/","(function () {","    'use strict';","    var local;","","","","    // run shared js-env code - pre-init","    (function () {","        // init local","        local = {};","        // init modeJs","        local.modeJs = (function () {","            try {","                return typeof navigator.userAgent === 'string' &&","                    typeof document.querySelector('body') === 'object' &&","                    typeof XMLHttpRequest.prototype.open === 'function' &&","                    'browser';","            } catch (errorCaughtBrowser) {","                return module.exports &&","                    typeof process.versions.node === 'string' &&","                    typeof require('http').createServer === 'function' &&","                    'node';","            }","        }());","        // init global","        local.global = local.modeJs === 'browser'","            ? window","            : global;","        switch (local.modeJs) {","        // re-init local from window.local","        case 'browser':","            local = local.global.utility2.objectSetDefault(","                local.global.utility2_rollup || local.global.local,","                local.global.utility2","            );","            break;","        // re-init local from example.js","        case 'node':","            local = (local.global.utility2_rollup || require('utility2'))","                .requireReadme();","            break;","        }","        // export local","        local.global.local = local;","    }());","","","","    // run shared js-env code - function","    (function () {","        return;","    }());","    switch (local.modeJs) {","","","","    // run browser js-env code - function","    case 'browser':","        break;","","","","    // run node js-env code - function","    case 'node':","        break;","    }","","","","    // run shared js-env code - post-init","    (function () {","        return;","    }());","    switch (local.modeJs) {","","","","    // run browser js-env code - post-init","    case 'browser':","        local.testCase_browser_nullCase = local.testCase_browser_nullCase || function (","            options,","            onError","        ) {","        /*","         * this function will test browsers's null-case handling-behavior-behavior","         */","            onError(null, options);","        };","","        // run tests","        local.nop(local.modeTest &&","            document.querySelector('#testRunButton1') &&","            document.querySelector('#testRunButton1').click());","        break;","","","","    // run node js-env code - post-init","    /* istanbul ignore next */","    case 'node':","        local.testCase_buildApidoc_default = local.testCase_buildApidoc_default || function (","            options,","            onError","        ) {","        /*","         * this function will test buildApidoc's default handling-behavior-behavior","         */","            options = { modulePathList: module.paths };","            local.buildApidoc(options, onError);","        };","","        local.testCase_buildApp_default = local.testCase_buildApp_default || function (","            options,","            onError","        ) {","        /*","         * this function will test buildApp's default handling-behavior-behavior","         */","            local.testCase_buildReadme_default(options, local.onErrorThrow);","            local.testCase_buildLib_default(options, local.onErrorThrow);","            local.testCase_buildTest_default(options, local.onErrorThrow);","            local.testCase_buildCustomOrg_default(options, local.onErrorThrow);","            options = [];","            local.buildApp(options, onError);","        };","","        local.testCase_buildCustomOrg_default = local.testCase_buildCustomOrg_default ||","            function (options, onError) {","            /*","             * this function will test buildCustomOrg's default handling-behavior","             */","                options = {};","                local.buildCustomOrg(options, onError);","            };","","        local.testCase_buildLib_default = local.testCase_buildLib_default || function (","            options,","            onError","        ) {","        /*","         * this function will test buildLib's default handling-behavior","         */","            options = {};","            local.buildLib(options, onError);","        };","","        local.testCase_buildReadme_default = local.testCase_buildReadme_default || function (","            options,","            onError","        ) {","        /*","         * this function will test buildReadme's default handling-behavior-behavior","         */","            options = {};","            local.buildReadme(options, onError);","        };","","        local.testCase_buildTest_default = local.testCase_buildTest_default || function (","            options,","            onError","        ) {","        /*","         * this function will test buildTest's default handling-behavior","         */","            options = {};","            local.buildTest(options, onError);","        };","","        local.testCase_webpage_default = local.testCase_webpage_default || function (","            options,","            onError","        ) {","        /*","         * this function will test webpage's default handling-behavior","         */","            options = { modeCoverageMerge: true, url: local.serverLocalHost + '?modeTest=1' };","            local.browserTest(options, onError);","        };","","        // run test-server","        local.testRunServer(local);","        break;","    }","}());",""],"l":{"12":2,"14":2,"19":2,"21":2,"23":2,"24":2,"25":2,"30":1,"37":2,"40":2,"43":1,"47":1,"50":1,"52":1,"55":2,"61":2,"62":2,"64":2,"70":1,"76":1,"82":2,"83":2,"85":2,"91":1,"98":1,"102":1,"105":1,"112":1,"119":1,"120":1,"123":1,"130":1,"131":1,"132":1,"133":1,"134":1,"135":1,"138":1,"143":2,"144":2,"147":1,"154":2,"155":2,"158":1,"165":2,"166":2,"169":1,"176":2,"177":2,"180":1,"187":1,"188":1,"192":1,"193":1}},"/home/travis/build/npmtest/node-npmtest-strava-v3/lib.npmtest_strava_v3.js":{"path":"/home/travis/build/npmtest/node-npmtest-strava-v3/lib.npmtest_strava_v3.js","s":{"1":2,"2":2,"3":2,"4":2,"5":2,"6":2,"7":2,"8":1,"9":2,"10":2,"11":2,"12":2,"13":1,"14":1,"15":1,"16":1},"b":{"1":[2,1,1,1],"2":[1,1,1,1],"3":[1,1],"4":[2,2],"5":[1,1]},"f":{"1":2,"2":2,"3":2},"fnMap":{"1":{"name":"(anonymous_1)","line":12,"loc":{"start":{"line":12,"column":1},"end":{"line":12,"column":13}}},"2":{"name":"(anonymous_2)","line":19,"loc":{"start":{"line":19,"column":5},"end":{"line":19,"column":17}}},"3":{"name":"(anonymous_3)","line":23,"loc":{"start":{"line":23,"column":24},"end":{"line":23,"column":36}}}},"statementMap":{"1":{"start":{"line":12,"column":0},"end":{"line":53,"column":5}},"2":{"start":{"line":14,"column":4},"end":{"line":14,"column":14}},"3":{"start":{"line":19,"column":4},"end":{"line":52,"column":9}},"4":{"start":{"line":21,"column":8},"end":{"line":21,"column":19}},"5":{"start":{"line":23,"column":8},"end":{"line":35,"column":13}},"6":{"start":{"line":24,"column":12},"end":{"line":34,"column":13}},"7":{"start":{"line":25,"column":16},"end":{"line":28,"column":30}},"8":{"start":{"line":30,"column":16},"end":{"line":33,"column":27}},"9":{"start":{"line":37,"column":8},"end":{"line":39,"column":21}},"10":{"start":{"line":41,"column":8},"end":{"line":41,"column":54}},"11":{"start":{"line":43,"column":8},"end":{"line":43,"column":54}},"12":{"start":{"line":45,"column":8},"end":{"line":51,"column":9}},"13":{"start":{"line":46,"column":12},"end":{"line":46,"column":60}},"14":{"start":{"line":48,"column":12},"end":{"line":48,"column":35}},"15":{"start":{"line":49,"column":12},"end":{"line":49,"column":49}},"16":{"start":{"line":50,"column":12},"end":{"line":50,"column":43}}},"branchMap":{"1":{"line":25,"type":"binary-expr","locations":[{"start":{"line":25,"column":23},"end":{"line":25,"column":62}},{"start":{"line":26,"column":20},"end":{"line":26,"column":70}},{"start":{"line":27,"column":20},"end":{"line":27,"column":71}},{"start":{"line":28,"column":20},"end":{"line":28,"column":29}}]},"2":{"line":30,"type":"binary-expr","locations":[{"start":{"line":30,"column":23},"end":{"line":30,"column":37}},{"start":{"line":31,"column":20},"end":{"line":31,"column":61}},{"start":{"line":32,"column":20},"end":{"line":32,"column":70}},{"start":{"line":33,"column":20},"end":{"line":33,"column":26}}]},"3":{"line":37,"type":"cond-expr","locations":[{"start":{"line":38,"column":14},"end":{"line":38,"column":20}},{"start":{"line":39,"column":14},"end":{"line":39,"column":20}}]},"4":{"line":41,"type":"binary-expr","locations":[{"start":{"line":41,"column":16},"end":{"line":41,"column":44}},{"start":{"line":41,"column":48},"end":{"line":41,"column":53}}]},"5":{"line":45,"type":"if","locations":[{"start":{"line":45,"column":8},"end":{"line":45,"column":8}},{"start":{"line":45,"column":8},"end":{"line":45,"column":8}}]}},"code":["/* istanbul instrument in package npmtest_strava_v3 */","/*jslint","    bitwise: true,","    browser: true,","    maxerr: 8,","    maxlen: 96,","    node: true,","    nomen: true,","    regexp: true,","    stupid: true","*/","(function () {","    'use strict';","    var local;","","","","    // run shared js-env code - pre-init","    (function () {","        // init local","        local = {};","        // init modeJs","        local.modeJs = (function () {","            try {","                return typeof navigator.userAgent === 'string' &&","                    typeof document.querySelector('body') === 'object' &&","                    typeof XMLHttpRequest.prototype.open === 'function' &&","                    'browser';","            } catch (errorCaughtBrowser) {","                return module.exports &&","                    typeof process.versions.node === 'string' &&","                    typeof require('http').createServer === 'function' &&","                    'node';","            }","        }());","        // init global","        local.global = local.modeJs === 'browser'","            ? window","            : global;","        // init utility2_rollup","        local = local.global.utility2_rollup || local;","        // init lib","        local.local = local.npmtest_strava_v3 = local;","        // init exports","        if (local.modeJs === 'browser') {","            local.global.utility2_npmtest_strava_v3 = local;","        } else {","            module.exports = local;","            module.exports.__dirname = __dirname;","            module.exports.module = module;","        }","    }());","}());",""],"l":{"12":2,"14":2,"19":2,"21":2,"23":2,"24":2,"25":2,"30":1,"37":2,"41":2,"43":2,"45":2,"46":1,"48":1,"49":1,"50":1}},"/home/travis/build/npmtest/node-npmtest-strava-v3/example.js":{"path":"/home/travis/build/npmtest/node-npmtest-strava-v3/example.js","s":{"1":2,"2":2,"3":2,"4":2,"5":2,"6":2,"7":2,"8":1,"9":2,"10":2,"11":2,"12":2,"13":1,"14":2,"15":2,"16":2,"17":2,"18":2,"19":0,"20":2,"21":1,"22":1,"23":1,"24":1,"25":1,"26":0,"27":0,"28":1,"29":1,"30":2,"31":0,"32":0,"33":0,"34":1,"35":2,"36":2,"37":3,"38":3,"39":3,"40":3,"41":0,"42":3,"43":3,"44":3,"45":1,"46":3,"47":1,"48":1,"49":1,"50":1,"51":1,"52":1,"53":1,"54":1,"55":1,"56":1,"57":0,"58":1,"59":6,"60":6,"61":1,"62":2,"63":0,"64":2,"65":1,"66":1,"67":0,"68":0,"69":0,"70":0,"71":0,"72":0,"73":0,"74":0,"75":0,"76":0,"77":0,"78":0,"79":0,"80":0,"81":0,"82":0,"83":0},"b":{"1":[2,1,1,1],"2":[1,1,1,1],"3":[1,1],"4":[2,2],"5":[1,1],"6":[1,1],"7":[2,0],"8":[2,1,1,1,1,1],"9":[0,2,0],"10":[1,1],"11":[2,1,1],"12":[1,0],"13":[0,2],"14":[2,0,0,0,0,0,0],"15":[0,3],"16":[3,0],"17":[1,1],"18":[0,1],"19":[1,2,0,2],"20":[1,0],"21":[1,1],"22":[0,0],"23":[0,0],"24":[0,0],"25":[0,0],"26":[0,0],"27":[0,0],"28":[0,0]},"f":{"1":2,"2":2,"3":2,"4":2,"5":2,"6":2,"7":3,"8":3,"9":3,"10":1,"11":6,"12":0},"fnMap":{"1":{"name":"(anonymous_1)","line":26,"loc":{"start":{"line":26,"column":1},"end":{"line":26,"column":13}}},"2":{"name":"(anonymous_2)","line":33,"loc":{"start":{"line":33,"column":5},"end":{"line":33,"column":17}}},"3":{"name":"(anonymous_3)","line":37,"loc":{"start":{"line":37,"column":24},"end":{"line":37,"column":36}}},"4":{"name":"(anonymous_4)","line":69,"loc":{"start":{"line":69,"column":31},"end":{"line":69,"column":48}},"skip":true},"5":{"name":"(anonymous_5)","line":78,"loc":{"start":{"line":78,"column":26},"end":{"line":78,"column":45}},"skip":true},"6":{"name":"(anonymous_6)","line":123,"loc":{"start":{"line":123,"column":33},"end":{"line":123,"column":48}},"skip":true},"7":{"name":"(anonymous_7)","line":125,"loc":{"start":{"line":125,"column":27},"end":{"line":125,"column":39}},"skip":true},"8":{"name":"(anonymous_8)","line":133,"loc":{"start":{"line":133,"column":59},"end":{"line":133,"column":74}},"skip":true},"9":{"name":"(anonymous_9)","line":143,"loc":{"start":{"line":143,"column":45},"end":{"line":143,"column":62}},"skip":true},"10":{"name":"(anonymous_10)","line":144,"loc":{"start":{"line":144,"column":73},"end":{"line":144,"column":92}},"skip":true},"11":{"name":"(anonymous_11)","line":272,"loc":{"start":{"line":272,"column":51},"end":{"line":272,"column":77}},"skip":true},"12":{"name":"(anonymous_12)","line":315,"loc":{"start":{"line":315,"column":32},"end":{"line":315,"column":61}},"skip":true}},"statementMap":{"1":{"start":{"line":26,"column":0},"end":{"line":326,"column":5}},"2":{"start":{"line":28,"column":4},"end":{"line":28,"column":14}},"3":{"start":{"line":33,"column":4},"end":{"line":60,"column":9}},"4":{"start":{"line":35,"column":8},"end":{"line":35,"column":19}},"5":{"start":{"line":37,"column":8},"end":{"line":49,"column":13}},"6":{"start":{"line":38,"column":12},"end":{"line":48,"column":13}},"7":{"start":{"line":39,"column":16},"end":{"line":42,"column":30}},"8":{"start":{"line":44,"column":16},"end":{"line":47,"column":27}},"9":{"start":{"line":51,"column":8},"end":{"line":53,"column":21}},"10":{"start":{"line":55,"column":8},"end":{"line":57,"column":45}},"11":{"start":{"line":59,"column":8},"end":{"line":59,"column":35}},"12":{"start":{"line":61,"column":4},"end":{"line":325,"column":5}},"13":{"start":{"line":69,"column":8},"end":{"line":121,"column":10},"skip":true},"14":{"start":{"line":70,"column":12},"end":{"line":88,"column":13},"skip":true},"15":{"start":{"line":76,"column":16},"end":{"line":87,"column":19},"skip":true},"16":{"start":{"line":79,"column":20},"end":{"line":86,"column":21},"skip":true},"17":{"start":{"line":82,"column":24},"end":{"line":82,"column":43},"skip":true},"18":{"start":{"line":83,"column":24},"end":{"line":83,"column":30},"skip":true},"19":{"start":{"line":85,"column":24},"end":{"line":85,"column":49},"skip":true},"20":{"start":{"line":89,"column":12},"end":{"line":107,"column":13},"skip":true},"21":{"start":{"line":92,"column":16},"end":{"line":102,"column":17},"skip":true},"22":{"start":{"line":93,"column":20},"end":{"line":93,"column":86},"skip":true},"23":{"start":{"line":94,"column":20},"end":{"line":95,"column":45},"skip":true},"24":{"start":{"line":96,"column":20},"end":{"line":96,"column":42},"skip":true},"25":{"start":{"line":97,"column":20},"end":{"line":97,"column":48},"skip":true},"26":{"start":{"line":100,"column":20},"end":{"line":100,"column":85},"skip":true},"27":{"start":{"line":101,"column":20},"end":{"line":101,"column":96},"skip":true},"28":{"start":{"line":103,"column":16},"end":{"line":103,"column":22},"skip":true},"29":{"start":{"line":106,"column":16},"end":{"line":106,"column":22},"skip":true},"30":{"start":{"line":108,"column":12},"end":{"line":120,"column":13},"skip":true},"31":{"start":{"line":114,"column":16},"end":{"line":119,"column":17},"skip":true},"32":{"start":{"line":116,"column":20},"end":{"line":116,"column":78},"skip":true},"33":{"start":{"line":118,"column":20},"end":{"line":118,"column":47},"skip":true},"34":{"start":{"line":123,"column":8},"end":{"line":141,"column":11},"skip":true},"35":{"start":{"line":124,"column":12},"end":{"line":124,"column":54},"skip":true},"36":{"start":{"line":125,"column":12},"end":{"line":140,"column":14},"skip":true},"37":{"start":{"line":126,"column":16},"end":{"line":126,"column":28},"skip":true},"38":{"start":{"line":127,"column":16},"end":{"line":127,"column":69},"skip":true},"39":{"start":{"line":128,"column":16},"end":{"line":128,"column":75},"skip":true},"40":{"start":{"line":129,"column":16},"end":{"line":131,"column":17},"skip":true},"41":{"start":{"line":130,"column":20},"end":{"line":130,"column":27},"skip":true},"42":{"start":{"line":133,"column":16},"end":{"line":137,"column":36},"skip":true},"43":{"start":{"line":134,"column":20},"end":{"line":136,"column":55},"skip":true},"44":{"start":{"line":139,"column":16},"end":{"line":139,"column":57},"skip":true},"45":{"start":{"line":143,"column":8},"end":{"line":147,"column":11},"skip":true},"46":{"start":{"line":144,"column":12},"end":{"line":146,"column":15},"skip":true},"47":{"start":{"line":145,"column":16},"end":{"line":145,"column":70},"skip":true},"48":{"start":{"line":149,"column":8},"end":{"line":149,"column":31},"skip":true},"49":{"start":{"line":150,"column":8},"end":{"line":150,"column":14},"skip":true},"50":{"start":{"line":158,"column":8},"end":{"line":158,"column":31},"skip":true},"51":{"start":{"line":160,"column":8},"end":{"line":160,"column":33},"skip":true},"52":{"start":{"line":161,"column":8},"end":{"line":161,"column":37},"skip":true},"53":{"start":{"line":162,"column":8},"end":{"line":162,"column":35},"skip":true},"54":{"start":{"line":164,"column":8},"end":{"line":164,"column":50},"skip":true},"55":{"start":{"line":166,"column":8},"end":{"line":256,"column":2},"skip":true},"56":{"start":{"line":258,"column":8},"end":{"line":286,"column":9},"skip":true},"57":{"start":{"line":259,"column":12},"end":{"line":269,"column":14},"skip":true},"58":{"start":{"line":271,"column":12},"end":{"line":285,"column":19},"skip":true},"59":{"start":{"line":274,"column":20},"end":{"line":274,"column":35},"skip":true},"60":{"start":{"line":275,"column":20},"end":{"line":284,"column":21},"skip":true},"61":{"start":{"line":277,"column":24},"end":{"line":277,"column":64},"skip":true},"62":{"start":{"line":279,"column":24},"end":{"line":279,"column":40},"skip":true},"63":{"start":{"line":281,"column":24},"end":{"line":281,"column":40},"skip":true},"64":{"start":{"line":283,"column":24},"end":{"line":283,"column":39},"skip":true},"65":{"start":{"line":288,"column":8},"end":{"line":290,"column":9},"skip":true},"66":{"start":{"line":289,"column":12},"end":{"line":289,"column":18},"skip":true},"67":{"start":{"line":291,"column":8},"end":{"line":293,"column":54},"skip":true},"68":{"start":{"line":296,"column":8},"end":{"line":301,"column":37},"skip":true},"69":{"start":{"line":303,"column":8},"end":{"line":303,"column":82},"skip":true},"70":{"start":{"line":306,"column":8},"end":{"line":308,"column":9},"skip":true},"71":{"start":{"line":307,"column":12},"end":{"line":307,"column":82},"skip":true},"72":{"start":{"line":310,"column":8},"end":{"line":312,"column":9},"skip":true},"73":{"start":{"line":311,"column":12},"end":{"line":311,"column":18},"skip":true},"74":{"start":{"line":313,"column":8},"end":{"line":313,"column":54},"skip":true},"75":{"start":{"line":314,"column":8},"end":{"line":314,"column":69},"skip":true},"76":{"start":{"line":315,"column":8},"end":{"line":323,"column":36},"skip":true},"77":{"start":{"line":316,"column":12},"end":{"line":316,"column":61},"skip":true},"78":{"start":{"line":317,"column":12},"end":{"line":320,"column":13},"skip":true},"79":{"start":{"line":318,"column":16},"end":{"line":318,"column":75},"skip":true},"80":{"start":{"line":319,"column":16},"end":{"line":319,"column":23},"skip":true},"81":{"start":{"line":321,"column":12},"end":{"line":321,"column":38},"skip":true},"82":{"start":{"line":322,"column":12},"end":{"line":322,"column":27},"skip":true},"83":{"start":{"line":324,"column":8},"end":{"line":324,"column":14},"skip":true}},"branchMap":{"1":{"line":39,"type":"binary-expr","locations":[{"start":{"line":39,"column":23},"end":{"line":39,"column":62}},{"start":{"line":40,"column":20},"end":{"line":40,"column":70}},{"start":{"line":41,"column":20},"end":{"line":41,"column":71}},{"start":{"line":42,"column":20},"end":{"line":42,"column":29}}]},"2":{"line":44,"type":"binary-expr","locations":[{"start":{"line":44,"column":23},"end":{"line":44,"column":37}},{"start":{"line":45,"column":20},"end":{"line":45,"column":61}},{"start":{"line":46,"column":20},"end":{"line":46,"column":70}},{"start":{"line":47,"column":20},"end":{"line":47,"column":26}}]},"3":{"line":51,"type":"cond-expr","locations":[{"start":{"line":52,"column":14},"end":{"line":52,"column":20}},{"start":{"line":53,"column":14},"end":{"line":53,"column":20}}]},"4":{"line":55,"type":"binary-expr","locations":[{"start":{"line":55,"column":16},"end":{"line":55,"column":44}},{"start":{"line":55,"column":49},"end":{"line":57,"column":43}}]},"5":{"line":55,"type":"cond-expr","locations":[{"start":{"line":56,"column":14},"end":{"line":56,"column":53}},{"start":{"line":57,"column":14},"end":{"line":57,"column":43}}]},"6":{"line":61,"type":"switch","locations":[{"start":{"line":68,"column":4},"end":{"line":150,"column":14},"skip":true},{"start":{"line":156,"column":4},"end":{"line":324,"column":14},"skip":true}]},"7":{"line":70,"type":"if","locations":[{"start":{"line":70,"column":12},"end":{"line":70,"column":12},"skip":true},{"start":{"line":70,"column":12},"end":{"line":70,"column":12},"skip":true}]},"8":{"line":70,"type":"binary-expr","locations":[{"start":{"line":70,"column":16},"end":{"line":70,"column":22},"skip":true},{"start":{"line":70,"column":27},"end":{"line":70,"column":32},"skip":true},{"start":{"line":71,"column":20},"end":{"line":71,"column":39},"skip":true},{"start":{"line":72,"column":20},"end":{"line":72,"column":49},"skip":true},{"start":{"line":73,"column":20},"end":{"line":73,"column":58},"skip":true},{"start":{"line":74,"column":20},"end":{"line":74,"column":69},"skip":true}]},"9":{"line":79,"type":"switch","locations":[{"start":{"line":80,"column":20},"end":{"line":80,"column":33},"skip":true},{"start":{"line":81,"column":20},"end":{"line":83,"column":30},"skip":true},{"start":{"line":84,"column":20},"end":{"line":85,"column":49},"skip":true}]},"10":{"line":89,"type":"switch","locations":[{"start":{"line":90,"column":12},"end":{"line":103,"column":22},"skip":true},{"start":{"line":105,"column":12},"end":{"line":106,"column":22},"skip":true}]},"11":{"line":89,"type":"binary-expr","locations":[{"start":{"line":89,"column":20},"end":{"line":89,"column":25},"skip":true},{"start":{"line":89,"column":29},"end":{"line":89,"column":48},"skip":true},{"start":{"line":89,"column":52},"end":{"line":89,"column":74},"skip":true}]},"12":{"line":92,"type":"if","locations":[{"start":{"line":92,"column":16},"end":{"line":92,"column":16},"skip":true},{"start":{"line":92,"column":16},"end":{"line":92,"column":16},"skip":true}]},"13":{"line":108,"type":"if","locations":[{"start":{"line":108,"column":12},"end":{"line":108,"column":12},"skip":true},{"start":{"line":108,"column":12},"end":{"line":108,"column":12},"skip":true}]},"14":{"line":108,"type":"binary-expr","locations":[{"start":{"line":108,"column":16},"end":{"line":108,"column":61},"skip":true},{"start":{"line":108,"column":66},"end":{"line":108,"column":72},"skip":true},{"start":{"line":108,"column":77},"end":{"line":108,"column":82},"skip":true},{"start":{"line":109,"column":20},"end":{"line":109,"column":39},"skip":true},{"start":{"line":110,"column":20},"end":{"line":110,"column":49},"skip":true},{"start":{"line":111,"column":20},"end":{"line":111,"column":58},"skip":true},{"start":{"line":112,"column":20},"end":{"line":112,"column":68},"skip":true}]},"15":{"line":129,"type":"if","locations":[{"start":{"line":129,"column":16},"end":{"line":129,"column":16},"skip":true},{"start":{"line":129,"column":16},"end":{"line":129,"column":16},"skip":true}]},"16":{"line":134,"type":"cond-expr","locations":[{"start":{"line":135,"column":26},"end":{"line":135,"column":29},"skip":true},{"start":{"line":136,"column":26},"end":{"line":136,"column":54},"skip":true}]},"17":{"line":164,"type":"binary-expr","locations":[{"start":{"line":164,"column":27},"end":{"line":164,"column":43},"skip":true},{"start":{"line":164,"column":47},"end":{"line":164,"column":49},"skip":true}]},"18":{"line":258,"type":"if","locations":[{"start":{"line":258,"column":8},"end":{"line":258,"column":8},"skip":true},{"start":{"line":258,"column":8},"end":{"line":258,"column":8},"skip":true}]},"19":{"line":275,"type":"switch","locations":[{"start":{"line":276,"column":20},"end":{"line":277,"column":64},"skip":true},{"start":{"line":278,"column":20},"end":{"line":279,"column":40},"skip":true},{"start":{"line":280,"column":20},"end":{"line":281,"column":40},"skip":true},{"start":{"line":282,"column":20},"end":{"line":283,"column":39},"skip":true}]},"20":{"line":288,"type":"if","locations":[{"start":{"line":288,"column":8},"end":{"line":288,"column":8},"skip":true},{"start":{"line":288,"column":8},"end":{"line":288,"column":8},"skip":true}]},"21":{"line":288,"type":"binary-expr","locations":[{"start":{"line":288,"column":12},"end":{"line":288,"column":40},"skip":true},{"start":{"line":288,"column":44},"end":{"line":288,"column":67},"skip":true}]},"22":{"line":292,"type":"binary-expr","locations":[{"start":{"line":292,"column":12},"end":{"line":292,"column":50},"skip":true},{"start":{"line":293,"column":12},"end":{"line":293,"column":53},"skip":true}]},"23":{"line":297,"type":"binary-expr","locations":[{"start":{"line":297,"column":12},"end":{"line":297,"column":67},"skip":true},{"start":{"line":298,"column":12},"end":{"line":301,"column":36},"skip":true}]},"24":{"line":303,"type":"binary-expr","locations":[{"start":{"line":303,"column":43},"end":{"line":303,"column":75},"skip":true},{"start":{"line":303,"column":79},"end":{"line":303,"column":81},"skip":true}]},"25":{"line":306,"type":"if","locations":[{"start":{"line":306,"column":8},"end":{"line":306,"column":8},"skip":true},{"start":{"line":306,"column":8},"end":{"line":306,"column":8},"skip":true}]},"26":{"line":310,"type":"if","locations":[{"start":{"line":310,"column":8},"end":{"line":310,"column":8},"skip":true},{"start":{"line":310,"column":8},"end":{"line":310,"column":8},"skip":true}]},"27":{"line":313,"type":"binary-expr","locations":[{"start":{"line":313,"column":27},"end":{"line":313,"column":43},"skip":true},{"start":{"line":313,"column":47},"end":{"line":313,"column":53},"skip":true}]},"28":{"line":317,"type":"if","locations":[{"start":{"line":317,"column":12},"end":{"line":317,"column":12},"skip":true},{"start":{"line":317,"column":12},"end":{"line":317,"column":12},"skip":true}]}},"code":["/*","example.js","","quickstart example","","instruction","    1. save this script as example.js","    2. run the shell command:","        $ npm install npmtest-strava-v3 && PORT=8081 node example.js","    3. play with the browser-demo on http://127.0.0.1:8081","*/","","","","/* istanbul instrument in package npmtest_strava_v3 */","/*jslint","    bitwise: true,","    browser: true,","    maxerr: 8,","    maxlen: 96,","    node: true,","    nomen: true,","    regexp: true,","    stupid: true","*/","(function () {","    'use strict';","    var local;","","","","    // run shared js-env code - pre-init","    (function () {","        // init local","        local = {};","        // init modeJs","        local.modeJs = (function () {","            try {","                return typeof navigator.userAgent === 'string' &&","                    typeof document.querySelector('body') === 'object' &&","                    typeof XMLHttpRequest.prototype.open === 'function' &&","                    'browser';","            } catch (errorCaughtBrowser) {","                return module.exports &&","                    typeof process.versions.node === 'string' &&","                    typeof require('http').createServer === 'function' &&","                    'node';","            }","        }());","        // init global","        local.global = local.modeJs === 'browser'","            ? window","            : global;","        // init utility2_rollup","        local = local.global.utility2_rollup || (local.modeJs === 'browser'","            ? local.global.utility2_npmtest_strava_v3","            : global.utility2_moduleExports);","        // export local","        local.global.local = local;","    }());","    switch (local.modeJs) {","","","","    // post-init","    // run browser js-env code - post-init","    /* istanbul ignore next */","    case 'browser':","        local.testRunBrowser = function (event) {","            if (!event || (event &&","                    event.currentTarget &&","                    event.currentTarget.className &&","                    event.currentTarget.className.includes &&","                    event.currentTarget.className.includes('onreset'))) {","                // reset output","                Array.from(","                    document.querySelectorAll('body > .resettable')","                ).forEach(function (element) {","                    switch (element.tagName) {","                    case 'INPUT':","                    case 'TEXTAREA':","                        element.value = '';","                        break;","                    default:","                        element.textContent = '';","                    }","                });","            }","            switch (event && event.currentTarget && event.currentTarget.id) {","            case 'testRunButton1':","                // show tests","                if (document.querySelector('#testReportDiv1').style.display === 'none') {","                    document.querySelector('#testReportDiv1').style.display = 'block';","                    document.querySelector('#testRunButton1').textContent =","                        'hide internal test';","                    local.modeTest = true;","                    local.testRunDefault(local);","                // hide tests","                } else {","                    document.querySelector('#testReportDiv1').style.display = 'none';","                    document.querySelector('#testRunButton1').textContent = 'run internal test';","                }","                break;","            // custom-case","            default:","                break;","            }","            if (document.querySelector('#inputTextareaEval1') && (!event || (event &&","                    event.currentTarget &&","                    event.currentTarget.className &&","                    event.currentTarget.className.includes &&","                    event.currentTarget.className.includes('oneval')))) {","                // try to eval input-code","                try {","                    /*jslint evil: true*/","                    eval(document.querySelector('#inputTextareaEval1').value);","                } catch (errorCaught) {","                    console.error(errorCaught);","                }","            }","        };","        // log stderr and stdout to #outputTextareaStdout1","        ['error', 'log'].forEach(function (key) {","            console[key + '_original'] = console[key];","            console[key] = function () {","                var element;","                console[key + '_original'].apply(console, arguments);","                element = document.querySelector('#outputTextareaStdout1');","                if (!element) {","                    return;","                }","                // append text to #outputTextareaStdout1","                element.value += Array.from(arguments).map(function (arg) {","                    return typeof arg === 'string'","                        ? arg","                        : JSON.stringify(arg, null, 4);","                }).join(' ') + '\\n';","                // scroll textarea to bottom","                element.scrollTop = element.scrollHeight;","            };","        });","        // init event-handling","        ['change', 'click', 'keyup'].forEach(function (event) {","            Array.from(document.querySelectorAll('.on' + event)).forEach(function (element) {","                element.addEventListener(event, local.testRunBrowser);","            });","        });","        // run tests","        local.testRunBrowser();","        break;","","","","    // run node js-env code - post-init","    /* istanbul ignore next */","    case 'node':","        // export local","        module.exports = local;","        // require modules","        local.fs = require('fs');","        local.http = require('http');","        local.url = require('url');","        // init assets","        local.assetsDict = local.assetsDict || {};","        /* jslint-ignore-begin */","        local.assetsDict['/assets.index.template.html'] = '\\","<!doctype html>\\n\\","<html lang=\"en\">\\n\\","<head>\\n\\","<meta charset=\"UTF-8\">\\n\\","<meta name=\"viewport\" content=\"width=device-width, initial-scale=1\">\\n\\","<title>{{env.npm_package_name}} (v{{env.npm_package_version}})</title>\\n\\","<style>\\n\\","/*csslint\\n\\","    box-sizing: false,\\n\\","    universal-selector: false\\n\\","*/\\n\\","* {\\n\\","    box-sizing: border-box;\\n\\","}\\n\\","body {\\n\\","    background: #dde;\\n\\","    font-family: Arial, Helvetica, sans-serif;\\n\\","    margin: 2rem;\\n\\","}\\n\\","body > * {\\n\\","    margin-bottom: 1rem;\\n\\","}\\n\\",".utility2FooterDiv {\\n\\","    margin-top: 20px;\\n\\","    text-align: center;\\n\\","}\\n\\","</style>\\n\\","<style>\\n\\","/*csslint\\n\\","*/\\n\\","textarea {\\n\\","    font-family: monospace;\\n\\","    height: 10rem;\\n\\","    width: 100%;\\n\\","}\\n\\","textarea[readonly] {\\n\\","    background: #ddd;\\n\\","}\\n\\","</style>\\n\\","</head>\\n\\","<body>\\n\\","<!-- utility2-comment\\n\\","<div id=\"ajaxProgressDiv1\" style=\"background: #d00; height: 2px; left: 0; margin: 0; padding: 0; position: fixed; top: 0; transition: background 0.5s, width 1.5s; width: 25%;\"></div>\\n\\","utility2-comment -->\\n\\","<h1>\\n\\","<!-- utility2-comment\\n\\","    <a\\n\\","        {{#if env.npm_package_homepage}}\\n\\","        href=\"{{env.npm_package_homepage}}\"\\n\\","        {{/if env.npm_package_homepage}}\\n\\","        target=\"_blank\"\\n\\","    >\\n\\","utility2-comment -->\\n\\","        {{env.npm_package_name}} (v{{env.npm_package_version}})\\n\\","<!-- utility2-comment\\n\\","    </a>\\n\\","utility2-comment -->\\n\\","</h1>\\n\\","<h3>{{env.npm_package_description}}</h3>\\n\\","<!-- utility2-comment\\n\\","<h4><a download href=\"assets.app.js\">download standalone app</a></h4>\\n\\","<button class=\"onclick onreset\" id=\"testRunButton1\">run internal test</button><br>\\n\\","<div id=\"testReportDiv1\" style=\"display: none;\"></div>\\n\\","utility2-comment -->\\n\\","\\n\\","\\n\\","\\n\\","<label>stderr and stdout</label>\\n\\","<textarea class=\"resettable\" id=\"outputTextareaStdout1\" readonly></textarea>\\n\\","<!-- utility2-comment\\n\\","{{#if isRollup}}\\n\\","<script src=\"assets.app.js\"></script>\\n\\","{{#unless isRollup}}\\n\\","utility2-comment -->\\n\\","<script src=\"assets.utility2.rollup.js\"></script>\\n\\","<script src=\"jsonp.utility2._stateInit?callback=window.utility2._stateInit\"></script>\\n\\","<script src=\"assets.npmtest_strava_v3.rollup.js\"></script>\\n\\","<script src=\"assets.example.js\"></script>\\n\\","<script src=\"assets.test.js\"></script>\\n\\","<!-- utility2-comment\\n\\","{{/if isRollup}}\\n\\","utility2-comment -->\\n\\","<div class=\"utility2FooterDiv\">\\n\\","    [ this app was created with\\n\\","    <a href=\"https://github.com/kaizhu256/node-utility2\" target=\"_blank\">utility2</a>\\n\\","    ]\\n\\","</div>\\n\\","</body>\\n\\","</html>\\n\\","';","        /* jslint-ignore-end */","        if (local.templateRender) {","            local.assetsDict['/'] = local.templateRender(","                local.assetsDict['/assets.index.template.html'],","                {","                    env: local.objectSetDefault(local.env, {","                        npm_package_description: 'the greatest app in the world!',","                        npm_package_name: 'my-app',","                        npm_package_nameAlias: 'my_app',","                        npm_package_version: '0.0.1'","                    })","                }","            );","        } else {","            local.assetsDict['/'] = local.assetsDict['/assets.index.template.html']","                .replace((/\\{\\{env\\.(\\w+?)\\}\\}/g), function (match0, match1) {","                    // jslint-hack","                    String(match0);","                    switch (match1) {","                    case 'npm_package_description':","                        return 'the greatest app in the world!';","                    case 'npm_package_name':","                        return 'my-app';","                    case 'npm_package_nameAlias':","                        return 'my_app';","                    case 'npm_package_version':","                        return '0.0.1';","                    }","                });","        }","        // run the cli","        if (local.global.utility2_rollup || module !== require.main) {","            break;","        }","        local.assetsDict['/assets.example.js'] =","            local.assetsDict['/assets.example.js'] ||","            local.fs.readFileSync(__filename, 'utf8');","        // bug-workaround - long $npm_package_buildCustomOrg","        /* jslint-ignore-begin */","        local.assetsDict['/assets.npmtest_strava_v3.rollup.js'] =","            local.assetsDict['/assets.npmtest_strava_v3.rollup.js'] ||","            local.fs.readFileSync(","                local.npmtest_strava_v3.__dirname + '/lib.npmtest_strava_v3.js',","                'utf8'","            ).replace((/^#!/), '//');","        /* jslint-ignore-end */","        local.assetsDict['/favicon.ico'] = local.assetsDict['/favicon.ico'] || '';","        // if $npm_config_timeout_exit exists,","        // then exit this process after $npm_config_timeout_exit ms","        if (Number(process.env.npm_config_timeout_exit)) {","            setTimeout(process.exit, Number(process.env.npm_config_timeout_exit));","        }","        // start server","        if (local.global.utility2_serverHttp1) {","            break;","        }","        process.env.PORT = process.env.PORT || '8081';","        console.error('server starting on port ' + process.env.PORT);","        local.http.createServer(function (request, response) {","            request.urlParsed = local.url.parse(request.url);","            if (local.assetsDict[request.urlParsed.pathname] !== undefined) {","                response.end(local.assetsDict[request.urlParsed.pathname]);","                return;","            }","            response.statusCode = 404;","            response.end();","        }).listen(process.env.PORT);","        break;","    }","}());",""],"l":{"26":2,"28":2,"33":2,"35":2,"37":2,"38":2,"39":2,"44":1,"51":2,"55":2,"59":2,"61":2,"69":1,"70":2,"76":2,"79":2,"82":2,"83":2,"85":1,"89":2,"92":1,"93":1,"94":1,"96":1,"97":1,"100":1,"101":1,"103":1,"106":1,"108":2,"114":1,"116":1,"118":1,"123":1,"124":2,"125":2,"126":3,"127":3,"128":3,"129":3,"130":1,"133":3,"134":3,"139":3,"143":1,"144":3,"145":1,"149":1,"150":1,"158":1,"160":1,"161":1,"162":1,"164":1,"166":1,"258":1,"259":1,"271":1,"274":6,"275":6,"277":1,"279":2,"281":1,"283":2,"288":1,"289":1,"291":1,"296":1,"303":1,"306":1,"307":1,"310":1,"311":1,"313":1,"314":1,"315":1,"316":1,"317":1,"318":1,"319":1,"321":1,"322":1,"324":1}},"/home/travis/build/npmtest/node-npmtest-strava-v3/node_modules/strava-v3/index.js":{"path":"/home/travis/build/npmtest/node-npmtest-strava-v3/node_modules/strava-v3/index.js","s":{"1":1,"2":1,"3":1,"4":1,"5":1,"6":1,"7":1,"8":1,"9":1,"10":1,"11":1,"12":1,"13":1,"14":1,"15":1},"b":{},"f":{},"fnMap":{},"statementMap":{"1":{"start":{"line":5,"column":0},"end":{"line":20,"column":5}},"2":{"start":{"line":22,"column":0},"end":{"line":22,"column":16}},"3":{"start":{"line":25,"column":0},"end":{"line":25,"column":21}},"4":{"start":{"line":26,"column":0},"end":{"line":26,"column":25}},"5":{"start":{"line":27,"column":0},"end":{"line":27,"column":27}},"6":{"start":{"line":28,"column":0},"end":{"line":28,"column":31}},"7":{"start":{"line":29,"column":0},"end":{"line":29,"column":21}},"8":{"start":{"line":30,"column":0},"end":{"line":30,"column":19}},"9":{"start":{"line":31,"column":0},"end":{"line":31,"column":27}},"10":{"start":{"line":32,"column":0},"end":{"line":32,"column":39}},"11":{"start":{"line":33,"column":0},"end":{"line":33,"column":25}},"12":{"start":{"line":34,"column":0},"end":{"line":34,"column":25}},"13":{"start":{"line":35,"column":0},"end":{"line":35,"column":35}},"14":{"start":{"line":36,"column":0},"end":{"line":36,"column":23}},"15":{"start":{"line":39,"column":0},"end":{"line":39,"column":24}}},"branchMap":{},"code":["/**"," * Created by austin on 9/18/14."," */","","var fs = require('fs')","","    , util = require('./lib/util')","    , oauth = require('./lib/oauth')","    , athlete = require('./lib/athlete')","    , athletes = require('./lib/athletes')","    , activities = require('./lib/activities')","    , clubs = require('./lib/clubs')","    , gear = require('./lib/gear')","    , segments = require('./lib/segments')","    , segmentEfforts = require('./lib/segmentEfforts')","    , streams = require('./lib/streams')","    , uploads = require('./lib/uploads')","    , runningRaces = require('./lib/runningRaces')","    , routes = require('./lib/routes')","    ;","","var strava = {};","","//assign various api segments to strava object","strava.oauth = oauth;","strava.athlete = athlete;","strava.athletes = athletes;","strava.activities = activities;","strava.clubs = clubs;","strava.gear = gear;","strava.segments = segments;","strava.segmentEfforts = segmentEfforts;","strava.streams = streams;","strava.uploads = uploads;","strava.runningRaces = runningRaces;","strava.routes = routes;","","//and export","module.exports = strava;",""],"l":{"5":1,"22":1,"25":1,"26":1,"27":1,"28":1,"29":1,"30":1,"31":1,"32":1,"33":1,"34":1,"35":1,"36":1,"39":1}},"/home/travis/build/npmtest/node-npmtest-strava-v3/node_modules/strava-v3/lib/util.js":{"path":"/home/travis/build/npmtest/node-npmtest-strava-v3/node_modules/strava-v3/lib/util.js","s":{"1":1,"2":1,"3":1,"4":1,"5":1,"6":1,"7":0,"8":0,"9":0,"10":0,"11":0,"12":0,"13":0,"14":1,"15":0,"16":0,"17":0,"18":0,"19":0,"20":0,"21":0,"22":0,"23":0,"24":0,"25":1,"26":0,"27":0,"28":0,"29":0,"30":0,"31":0,"32":0,"33":0,"34":0,"35":0,"36":0,"37":1,"38":0,"39":0,"40":0,"41":0,"42":0,"43":0,"44":0,"45":0,"46":1,"47":0,"48":0,"49":0,"50":0,"51":0,"52":0,"53":0,"54":0,"55":0,"56":0,"57":1,"58":0,"59":0,"60":0,"61":0,"62":0,"63":0,"64":0,"65":1,"66":0,"67":0,"68":0,"69":0,"70":0,"71":0,"72":1,"73":0,"74":0,"75":0,"76":0,"77":0,"78":1,"79":0,"80":0,"81":0,"82":0,"83":0,"84":1,"85":0,"86":0,"87":0,"88":0,"89":1},"b":{"1":[0,0],"2":[0,0],"3":[0,0],"4":[0,0],"5":[0,0],"6":[0,0],"7":[0,0],"8":[0,0],"9":[0,0],"10":[0,0],"11":[0,0],"12":[0,0],"13":[0,0],"14":[0,0],"15":[0,0],"16":[0,0],"17":[0,0],"18":[0,0],"19":[0,0],"20":[0,0],"21":[0,0],"22":[0,0],"23":[0,0],"24":[0,0],"25":[0,0],"26":[0,0]},"f":{"1":0,"2":0,"3":0,"4":0,"5":0,"6":0,"7":0,"8":0,"9":0,"10":0,"11":0,"12":0},"fnMap":{"1":{"name":"(anonymous_1)","line":18,"loc":{"start":{"line":18,"column":19},"end":{"line":18,"column":48}}},"2":{"name":"(anonymous_2)","line":40,"loc":{"start":{"line":40,"column":19},"end":{"line":40,"column":48}}},"3":{"name":"(anonymous_3)","line":71,"loc":{"start":{"line":71,"column":20},"end":{"line":71,"column":49}}},"4":{"name":"(anonymous_4)","line":106,"loc":{"start":{"line":106,"column":22},"end":{"line":106,"column":51}}},"5":{"name":"(anonymous_5)","line":133,"loc":{"start":{"line":133,"column":18},"end":{"line":133,"column":38}}},"6":{"name":"(anonymous_6)","line":148,"loc":{"start":{"line":148,"column":36},"end":{"line":148,"column":73}}},"7":{"name":"(anonymous_7)","line":164,"loc":{"start":{"line":164,"column":23},"end":{"line":164,"column":38}}},"8":{"name":"(anonymous_8)","line":182,"loc":{"start":{"line":182,"column":13},"end":{"line":182,"column":41}}},"9":{"name":"(anonymous_9)","line":198,"loc":{"start":{"line":198,"column":25},"end":{"line":198,"column":53}}},"10":{"name":"(anonymous_10)","line":212,"loc":{"start":{"line":212,"column":21},"end":{"line":212,"column":44}}},"11":{"name":"(anonymous_11)","line":214,"loc":{"start":{"line":214,"column":21},"end":{"line":214,"column":55}}},"12":{"name":"parseRateLimits","line":224,"loc":{"start":{"line":224,"column":0},"end":{"line":224,"column":34}}}},"statementMap":{"1":{"start":{"line":5,"column":0},"end":{"line":8,"column":49}},"2":{"start":{"line":12,"column":0},"end":{"line":12,"column":14}},"3":{"start":{"line":13,"column":0},"end":{"line":13,"column":37}},"4":{"start":{"line":14,"column":0},"end":{"line":14,"column":37}},"5":{"start":{"line":15,"column":0},"end":{"line":15,"column":53}},"6":{"start":{"line":18,"column":0},"end":{"line":37,"column":2}},"7":{"start":{"line":20,"column":4},"end":{"line":22,"column":5}},"8":{"start":{"line":21,"column":8},"end":{"line":21,"column":18}},"9":{"start":{"line":24,"column":4},"end":{"line":24,"column":62}},"10":{"start":{"line":25,"column":4},"end":{"line":25,"column":70}},"11":{"start":{"line":25,"column":15},"end":{"line":25,"column":70}},"12":{"start":{"line":27,"column":4},"end":{"line":34,"column":10}},"13":{"start":{"line":36,"column":4},"end":{"line":36,"column":33}},"14":{"start":{"line":40,"column":0},"end":{"line":68,"column":2}},"15":{"start":{"line":42,"column":4},"end":{"line":44,"column":5}},"16":{"start":{"line":43,"column":8},"end":{"line":43,"column":18}},"17":{"start":{"line":46,"column":4},"end":{"line":46,"column":62}},"18":{"start":{"line":47,"column":4},"end":{"line":47,"column":70}},"19":{"start":{"line":47,"column":15},"end":{"line":47,"column":70}},"20":{"start":{"line":50,"column":4},"end":{"line":50,"column":46}},"21":{"start":{"line":52,"column":4},"end":{"line":61,"column":10}},"22":{"start":{"line":64,"column":4},"end":{"line":65,"column":33}},"23":{"start":{"line":65,"column":8},"end":{"line":65,"column":33}},"24":{"start":{"line":67,"column":4},"end":{"line":67,"column":33}},"25":{"start":{"line":71,"column":0},"end":{"line":103,"column":2}},"26":{"start":{"line":73,"column":4},"end":{"line":75,"column":5}},"27":{"start":{"line":74,"column":8},"end":{"line":74,"column":18}},"28":{"start":{"line":77,"column":4},"end":{"line":77,"column":62}},"29":{"start":{"line":78,"column":4},"end":{"line":78,"column":70}},"30":{"start":{"line":78,"column":15},"end":{"line":78,"column":70}},"31":{"start":{"line":83,"column":4},"end":{"line":92,"column":10}},"32":{"start":{"line":95,"column":4},"end":{"line":96,"column":33}},"33":{"start":{"line":96,"column":8},"end":{"line":96,"column":33}},"34":{"start":{"line":99,"column":4},"end":{"line":100,"column":43}},"35":{"start":{"line":100,"column":8},"end":{"line":100,"column":43}},"36":{"start":{"line":102,"column":4},"end":{"line":102,"column":33}},"37":{"start":{"line":106,"column":0},"end":{"line":130,"column":2}},"38":{"start":{"line":108,"column":4},"end":{"line":110,"column":5}},"39":{"start":{"line":109,"column":8},"end":{"line":109,"column":18}},"40":{"start":{"line":112,"column":4},"end":{"line":112,"column":62}},"41":{"start":{"line":113,"column":4},"end":{"line":113,"column":70}},"42":{"start":{"line":113,"column":15},"end":{"line":113,"column":70}},"43":{"start":{"line":116,"column":4},"end":{"line":116,"column":46}},"44":{"start":{"line":118,"column":4},"end":{"line":127,"column":10}},"45":{"start":{"line":129,"column":4},"end":{"line":129,"column":33}},"46":{"start":{"line":133,"column":0},"end":{"line":160,"column":2}},"47":{"start":{"line":135,"column":4},"end":{"line":135,"column":62}},"48":{"start":{"line":136,"column":4},"end":{"line":136,"column":70}},"49":{"start":{"line":136,"column":15},"end":{"line":136,"column":70}},"50":{"start":{"line":138,"column":4},"end":{"line":146,"column":10}},"51":{"start":{"line":148,"column":4},"end":{"line":151,"column":7}},"52":{"start":{"line":150,"column":12},"end":{"line":150,"column":31}},"53":{"start":{"line":153,"column":4},"end":{"line":153,"column":26}},"54":{"start":{"line":156,"column":4},"end":{"line":158,"column":5}},"55":{"start":{"line":157,"column":8},"end":{"line":157,"column":45}},"56":{"start":{"line":159,"column":4},"end":{"line":159,"column":56}},"57":{"start":{"line":164,"column":0},"end":{"line":180,"column":2}},"58":{"start":{"line":167,"column":4},"end":{"line":170,"column":13}},"59":{"start":{"line":172,"column":4},"end":{"line":173,"column":23}},"60":{"start":{"line":173,"column":8},"end":{"line":173,"column":23}},"61":{"start":{"line":174,"column":4},"end":{"line":175,"column":31}},"62":{"start":{"line":175,"column":8},"end":{"line":175,"column":31}},"63":{"start":{"line":177,"column":4},"end":{"line":177,"column":35}},"64":{"start":{"line":179,"column":4},"end":{"line":179,"column":14}},"65":{"start":{"line":182,"column":0},"end":{"line":194,"column":2}},"66":{"start":{"line":184,"column":4},"end":{"line":185,"column":13}},"67":{"start":{"line":187,"column":4},"end":{"line":190,"column":5}},"68":{"start":{"line":188,"column":8},"end":{"line":189,"column":56}},"69":{"start":{"line":189,"column":12},"end":{"line":189,"column":56}},"70":{"start":{"line":192,"column":4},"end":{"line":192,"column":35}},"71":{"start":{"line":193,"column":4},"end":{"line":193,"column":14}},"72":{"start":{"line":198,"column":0},"end":{"line":208,"column":2}},"73":{"start":{"line":200,"column":4},"end":{"line":200,"column":18}},"74":{"start":{"line":202,"column":4},"end":{"line":205,"column":5}},"75":{"start":{"line":203,"column":8},"end":{"line":204,"column":58}},"76":{"start":{"line":204,"column":12},"end":{"line":204,"column":58}},"77":{"start":{"line":207,"column":4},"end":{"line":207,"column":16}},"78":{"start":{"line":212,"column":0},"end":{"line":222,"column":2}},"79":{"start":{"line":214,"column":4},"end":{"line":221,"column":7}},"80":{"start":{"line":215,"column":8},"end":{"line":218,"column":9}},"81":{"start":{"line":216,"column":12},"end":{"line":216,"column":42}},"82":{"start":{"line":217,"column":12},"end":{"line":217,"column":29}},"83":{"start":{"line":220,"column":8},"end":{"line":220,"column":62}},"84":{"start":{"line":224,"column":0},"end":{"line":239,"column":1}},"85":{"start":{"line":225,"column":4},"end":{"line":227,"column":5}},"86":{"start":{"line":226,"column":8},"end":{"line":226,"column":20}},"87":{"start":{"line":229,"column":4},"end":{"line":231,"column":21}},"88":{"start":{"line":233,"column":4},"end":{"line":238,"column":6}},"89":{"start":{"line":242,"column":0},"end":{"line":242,"column":22}}},"branchMap":{"1":{"line":20,"type":"if","locations":[{"start":{"line":20,"column":4},"end":{"line":20,"column":4}},{"start":{"line":20,"column":4},"end":{"line":20,"column":4}}]},"2":{"line":24,"type":"binary-expr","locations":[{"start":{"line":24,"column":16},"end":{"line":24,"column":33}},{"start":{"line":24,"column":37},"end":{"line":24,"column":61}}]},"3":{"line":25,"type":"if","locations":[{"start":{"line":25,"column":4},"end":{"line":25,"column":4}},{"start":{"line":25,"column":4},"end":{"line":25,"column":4}}]},"4":{"line":42,"type":"if","locations":[{"start":{"line":42,"column":4},"end":{"line":42,"column":4}},{"start":{"line":42,"column":4},"end":{"line":42,"column":4}}]},"5":{"line":46,"type":"binary-expr","locations":[{"start":{"line":46,"column":16},"end":{"line":46,"column":33}},{"start":{"line":46,"column":37},"end":{"line":46,"column":61}}]},"6":{"line":47,"type":"if","locations":[{"start":{"line":47,"column":4},"end":{"line":47,"column":4}},{"start":{"line":47,"column":4},"end":{"line":47,"column":4}}]},"7":{"line":64,"type":"if","locations":[{"start":{"line":64,"column":4},"end":{"line":64,"column":4}},{"start":{"line":64,"column":4},"end":{"line":64,"column":4}}]},"8":{"line":73,"type":"if","locations":[{"start":{"line":73,"column":4},"end":{"line":73,"column":4}},{"start":{"line":73,"column":4},"end":{"line":73,"column":4}}]},"9":{"line":77,"type":"binary-expr","locations":[{"start":{"line":77,"column":16},"end":{"line":77,"column":33}},{"start":{"line":77,"column":37},"end":{"line":77,"column":61}}]},"10":{"line":78,"type":"if","locations":[{"start":{"line":78,"column":4},"end":{"line":78,"column":4}},{"start":{"line":78,"column":4},"end":{"line":78,"column":4}}]},"11":{"line":95,"type":"if","locations":[{"start":{"line":95,"column":4},"end":{"line":95,"column":4}},{"start":{"line":95,"column":4},"end":{"line":95,"column":4}}]},"12":{"line":99,"type":"if","locations":[{"start":{"line":99,"column":4},"end":{"line":99,"column":4}},{"start":{"line":99,"column":4},"end":{"line":99,"column":4}}]},"13":{"line":108,"type":"if","locations":[{"start":{"line":108,"column":4},"end":{"line":108,"column":4}},{"start":{"line":108,"column":4},"end":{"line":108,"column":4}}]},"14":{"line":112,"type":"binary-expr","locations":[{"start":{"line":112,"column":16},"end":{"line":112,"column":33}},{"start":{"line":112,"column":37},"end":{"line":112,"column":61}}]},"15":{"line":113,"type":"if","locations":[{"start":{"line":113,"column":4},"end":{"line":113,"column":4}},{"start":{"line":113,"column":4},"end":{"line":113,"column":4}}]},"16":{"line":135,"type":"binary-expr","locations":[{"start":{"line":135,"column":16},"end":{"line":135,"column":33}},{"start":{"line":135,"column":37},"end":{"line":135,"column":61}}]},"17":{"line":136,"type":"if","locations":[{"start":{"line":136,"column":4},"end":{"line":136,"column":4}},{"start":{"line":136,"column":4},"end":{"line":136,"column":4}}]},"18":{"line":167,"type":"cond-expr","locations":[{"start":{"line":167,"column":50},"end":{"line":167,"column":59}},{"start":{"line":167,"column":62},"end":{"line":167,"column":66}}]},"19":{"line":168,"type":"cond-expr","locations":[{"start":{"line":168,"column":60},"end":{"line":168,"column":73}},{"start":{"line":168,"column":76},"end":{"line":168,"column":80}}]},"20":{"line":172,"type":"if","locations":[{"start":{"line":172,"column":4},"end":{"line":172,"column":4}},{"start":{"line":172,"column":4},"end":{"line":172,"column":4}}]},"21":{"line":174,"type":"if","locations":[{"start":{"line":174,"column":4},"end":{"line":174,"column":4}},{"start":{"line":174,"column":4},"end":{"line":174,"column":4}}]},"22":{"line":188,"type":"if","locations":[{"start":{"line":188,"column":8},"end":{"line":188,"column":8}},{"start":{"line":188,"column":8},"end":{"line":188,"column":8}}]},"23":{"line":203,"type":"if","locations":[{"start":{"line":203,"column":8},"end":{"line":203,"column":8}},{"start":{"line":203,"column":8},"end":{"line":203,"column":8}}]},"24":{"line":215,"type":"if","locations":[{"start":{"line":215,"column":8},"end":{"line":215,"column":8}},{"start":{"line":215,"column":8},"end":{"line":215,"column":8}}]},"25":{"line":225,"type":"if","locations":[{"start":{"line":225,"column":4},"end":{"line":225,"column":4}},{"start":{"line":225,"column":4},"end":{"line":225,"column":4}}]},"26":{"line":225,"type":"binary-expr","locations":[{"start":{"line":225,"column":7},"end":{"line":225,"column":31}},{"start":{"line":225,"column":35},"end":{"line":225,"column":59}}]}},"code":["/**"," * Created by austin on 9/18/14."," */","","var request = require('request')","    , querystring = require('querystring')","    , fs = require('fs')","    , authenticator = require('./authenticator');","","//request.debug = true","","var util = {};","util.rateLimit = 'x-ratelimit-limit';","util.rateUsage = 'x-ratelimit-usage';","util.endpointBase = 'https://www.strava.com/api/v3/';","","//===== generic GET =====","util.getEndpoint = function(endpoint,args,done) {","","    if (!args) {","        args = {};","    }","","    var token = args.access_token || authenticator.getToken();","    if(!token) return done({msg: 'you must include an access_token'});","","    var url = this.endpointBase + endpoint","        , options = {","            url: url","            , json: true","            , headers: {","                Authorization: 'Bearer ' + token","            }","        };","","    _requestHelper(options,done);","};","","//===== generic PUT =====","util.putEndpoint = function(endpoint,args,done) {","","    if (!args) {","        args = {};","    }","","    var token = args.access_token || authenticator.getToken();","    if(!token) return done({msg: 'you must include an access_token'});","","    //stringify the body object for passage","    var qs = querystring.stringify(args.body);","","    var url = this.endpointBase + endpoint","        , options = {","            url: url","            , method: 'PUT'","            , json: true","            , body: qs","            , headers: {","                Authorization: 'Bearer ' + token","            }","        };","","    //add form data if present","    if(args.form)","        options.form = args.form;","","    _requestHelper(options,done);","};","","//===== generic POST =====","util.postEndpoint = function(endpoint,args,done) {","","    if (!args) {","        args = {};","    }","","    var token = args.access_token || authenticator.getToken();","    if(!token) return done({msg: 'you must include an access_token'});","","    //stringify the body object for passage","    //var qs = querystring.stringify(args.body);","","    var url = this.endpointBase + endpoint","        , options = {","            url: url","            , method: 'POST'","            , json: true","            , body: args.body","            , headers: {","                Authorization: 'Bearer ' + token","            }","        };","","    //add form data if present","    if(args.form)","        options.form = args.form;","","    //add multipart data if present","    if(args.multipart)","        options.multipart = args.multipart;","","    _requestHelper(options,done);","};","","//===== generic DELETE =====","util.deleteEndpoint = function(endpoint,args,done) {","","    if (!args) {","        args = {};","    }","","    var token = args.access_token || authenticator.getToken();","    if(!token) return done({msg: 'you must include an access_token'});","","    //stringify the body object for passage","    var qs = querystring.stringify(args.body);","","    var url = this.endpointBase + endpoint","        , options = {","            url: url","            , method: 'DELETE'","            , json: true","            , body: qs","            , headers: {","                Authorization: 'Bearer ' + token","            }","        };","","    _requestHelper(options,done);","};","","//===== postUpload =====","util.postUpload = function(args,done) {","","    var token = args.access_token || authenticator.getToken();","    if(!token) return done({msg: 'you must include an access_token'});","","    var url = this.endpointBase + 'uploads'","        , options = {","            url: url","            , method: 'POST'","            , json: true","            , headers: {","                Authorization: 'Bearer ' + token","            }","        };","","    var req = request.post(options, function(err, httpResponse, payload) {","","            done(err, payload);","    });","","    var form = req.form();","","    //append the rest of the formData values","    for(var key in args.formData) {","        form.append(key, args.formData[key]);","    }","    form.append('file', fs.createReadStream(args.file));","};","","","//===== get pagination query string =====","util.getPaginationQS = function(args) {","","    //setup pagination query args","    var page = typeof args.page !== 'undefined' ? args.page : null","        , per_page = typeof args.per_page !== 'undefined' ? args.per_page : null","        , qa = {}","        , qs;","","    if(page)","        qa.page = page;","    if(per_page)","        qa.per_page = per_page;","","    qs = querystring.stringify(qa);","","    return qs;","};","//===== generic get query string =====","util.getQS = function(allowedProps,args) {","","    var qa = {}","        , qs;","","    for(var i = 0; i < allowedProps.length; i++) {","        if(args[allowedProps[i]])","            qa[allowedProps[i]] = args[allowedProps[i]];","    }","","    qs = querystring.stringify(qa);","    return qs;","};","","","//===== get request body object =====","util.getRequestBodyObj = function(allowedProps,args) {","","    var body = {};","","    for(var i = 0; i < allowedProps.length; i++) {","        if(args[allowedProps[i]])","            body[allowedProps[i]] = args[allowedProps[i]];","    }","","    return body;","};","","","//===== helpers =====","var _requestHelper = function(options,done) {","","    request(options, function (err, response, payload) {","        if (err) {","            console.log('api call error');","            console.log(err);","        }","","        done(err, payload, parseRateLimits(response.headers));","    });","};","","function parseRateLimits(headers) {","    if(!headers[util.rateLimit] || !headers[util.rateUsage]) {","        return null;","    }","","    var limit = headers[util.rateLimit].split(',')","        , usage = headers[util.rateUsage].split(',')","        , radix = 10;","","    return {","        shortTermUsage: parseInt(usage[0], radix),","        shortTermLimit: parseInt(limit[0], radix),","        longTermUsage: parseInt(usage[1], radix),","        longTermLimit: parseInt(limit[1], radix)","    };","}","//===== helpers =====","","module.exports = util;",""],"l":{"5":1,"12":1,"13":1,"14":1,"15":1,"18":1,"20":0,"21":0,"24":0,"25":0,"27":0,"36":0,"40":1,"42":0,"43":0,"46":0,"47":0,"50":0,"52":0,"64":0,"65":0,"67":0,"71":1,"73":0,"74":0,"77":0,"78":0,"83":0,"95":0,"96":0,"99":0,"100":0,"102":0,"106":1,"108":0,"109":0,"112":0,"113":0,"116":0,"118":0,"129":0,"133":1,"135":0,"136":0,"138":0,"148":0,"150":0,"153":0,"156":0,"157":0,"159":0,"164":1,"167":0,"172":0,"173":0,"174":0,"175":0,"177":0,"179":0,"182":1,"184":0,"187":0,"188":0,"189":0,"192":0,"193":0,"198":1,"200":0,"202":0,"203":0,"204":0,"207":0,"212":1,"214":0,"215":0,"216":0,"217":0,"220":0,"224":1,"225":0,"226":0,"229":0,"233":0,"242":1}},"/home/travis/build/npmtest/node-npmtest-strava-v3/node_modules/strava-v3/lib/authenticator.js":{"path":"/home/travis/build/npmtest/node-npmtest-strava-v3/node_modules/strava-v3/lib/authenticator.js","s":{"1":1,"2":1,"3":1,"4":1,"5":1,"6":1,"7":1,"8":0,"9":0,"10":0,"11":0,"12":0,"13":0,"14":0,"15":0,"16":0,"17":0,"18":0,"19":1,"20":0,"21":0,"22":0,"23":0,"24":0,"25":0,"26":0,"27":0,"28":1,"29":0,"30":0,"31":1,"32":0,"33":0,"34":0,"35":0,"36":0,"37":0,"38":0,"39":0,"40":0,"41":0,"42":0,"43":0,"44":0,"45":0,"46":0,"47":0,"48":0,"49":0,"50":0,"51":0,"52":0,"53":0,"54":0,"55":0,"56":0,"57":0,"58":0},"b":{"1":[0,0],"2":[0,0],"3":[0,0],"4":[0,0],"5":[0,0],"6":[0,0],"7":[0,0],"8":[0,0],"9":[0,0],"10":[0,0],"11":[0,0],"12":[0,0],"13":[0,0],"14":[0,0],"15":[0,0],"16":[0,0]},"f":{"1":0,"2":0,"3":0,"4":0,"5":0,"6":0,"7":0,"8":0},"fnMap":{"1":{"name":"(anonymous_1)","line":10,"loc":{"start":{"line":10,"column":21},"end":{"line":10,"column":32}}},"2":{"name":"(anonymous_2)","line":24,"loc":{"start":{"line":24,"column":26},"end":{"line":24,"column":37}}},"3":{"name":"(anonymous_3)","line":35,"loc":{"start":{"line":35,"column":18},"end":{"line":35,"column":29}}},"4":{"name":"(anonymous_4)","line":41,"loc":{"start":{"line":41,"column":14},"end":{"line":41,"column":25}}},"5":{"name":"(anonymous_5)","line":52,"loc":{"start":{"line":52,"column":17},"end":{"line":52,"column":28}}},"6":{"name":"(anonymous_6)","line":64,"loc":{"start":{"line":64,"column":21},"end":{"line":64,"column":32}}},"7":{"name":"(anonymous_7)","line":76,"loc":{"start":{"line":76,"column":20},"end":{"line":76,"column":31}}},"8":{"name":"(anonymous_8)","line":88,"loc":{"start":{"line":88,"column":11},"end":{"line":88,"column":22}}}},"statementMap":{"1":{"start":{"line":1,"column":0},"end":{"line":1,"column":23}},"2":{"start":{"line":3,"column":0},"end":{"line":3,"column":38}},"3":{"start":{"line":5,"column":0},"end":{"line":5,"column":10}},"4":{"start":{"line":6,"column":0},"end":{"line":6,"column":13}},"5":{"start":{"line":7,"column":0},"end":{"line":7,"column":17}},"6":{"start":{"line":8,"column":0},"end":{"line":8,"column":16}},"7":{"start":{"line":10,"column":0},"end":{"line":22,"column":2}},"8":{"start":{"line":11,"column":2},"end":{"line":21,"column":3}},"9":{"start":{"line":12,"column":6},"end":{"line":12,"column":68}},"10":{"start":{"line":13,"column":6},"end":{"line":13,"column":34}},"11":{"start":{"line":14,"column":6},"end":{"line":14,"column":58}},"12":{"start":{"line":14,"column":30},"end":{"line":14,"column":58}},"13":{"start":{"line":15,"column":6},"end":{"line":15,"column":55}},"14":{"start":{"line":15,"column":27},"end":{"line":15,"column":55}},"15":{"start":{"line":16,"column":6},"end":{"line":16,"column":67}},"16":{"start":{"line":16,"column":31},"end":{"line":16,"column":67}},"17":{"start":{"line":17,"column":6},"end":{"line":17,"column":64}},"18":{"start":{"line":17,"column":30},"end":{"line":17,"column":64}},"19":{"start":{"line":24,"column":0},"end":{"line":33,"column":2}},"20":{"start":{"line":25,"column":2},"end":{"line":26,"column":46}},"21":{"start":{"line":26,"column":6},"end":{"line":26,"column":46}},"22":{"start":{"line":27,"column":2},"end":{"line":28,"column":46}},"23":{"start":{"line":28,"column":6},"end":{"line":28,"column":46}},"24":{"start":{"line":29,"column":2},"end":{"line":30,"column":54}},"25":{"start":{"line":30,"column":6},"end":{"line":30,"column":54}},"26":{"start":{"line":31,"column":2},"end":{"line":32,"column":52}},"27":{"start":{"line":32,"column":6},"end":{"line":32,"column":52}},"28":{"start":{"line":35,"column":0},"end":{"line":38,"column":2}},"29":{"start":{"line":36,"column":2},"end":{"line":36,"column":19}},"30":{"start":{"line":37,"column":2},"end":{"line":37,"column":24}},"31":{"start":{"line":40,"column":0},"end":{"line":94,"column":2}},"32":{"start":{"line":42,"column":8},"end":{"line":44,"column":9}},"33":{"start":{"line":43,"column":10},"end":{"line":43,"column":24}},"34":{"start":{"line":46,"column":8},"end":{"line":50,"column":9}},"35":{"start":{"line":47,"column":10},"end":{"line":47,"column":23}},"36":{"start":{"line":49,"column":10},"end":{"line":49,"column":27}},"37":{"start":{"line":53,"column":8},"end":{"line":55,"column":9}},"38":{"start":{"line":54,"column":12},"end":{"line":54,"column":26}},"39":{"start":{"line":57,"column":8},"end":{"line":62,"column":9}},"40":{"start":{"line":58,"column":10},"end":{"line":58,"column":26}},"41":{"start":{"line":60,"column":10},"end":{"line":60,"column":44}},"42":{"start":{"line":61,"column":10},"end":{"line":61,"column":27}},"43":{"start":{"line":65,"column":8},"end":{"line":67,"column":9}},"44":{"start":{"line":66,"column":12},"end":{"line":66,"column":26}},"45":{"start":{"line":69,"column":8},"end":{"line":74,"column":9}},"46":{"start":{"line":70,"column":12},"end":{"line":70,"column":32}},"47":{"start":{"line":72,"column":12},"end":{"line":72,"column":50}},"48":{"start":{"line":73,"column":12},"end":{"line":73,"column":29}},"49":{"start":{"line":77,"column":8},"end":{"line":79,"column":9}},"50":{"start":{"line":78,"column":12},"end":{"line":78,"column":26}},"51":{"start":{"line":81,"column":8},"end":{"line":86,"column":9}},"52":{"start":{"line":82,"column":12},"end":{"line":82,"column":31}},"53":{"start":{"line":84,"column":12},"end":{"line":84,"column":48}},"54":{"start":{"line":85,"column":12},"end":{"line":85,"column":29}},"55":{"start":{"line":89,"column":6},"end":{"line":89,"column":24}},"56":{"start":{"line":90,"column":6},"end":{"line":90,"column":27}},"57":{"start":{"line":91,"column":6},"end":{"line":91,"column":31}},"58":{"start":{"line":92,"column":6},"end":{"line":92,"column":30}}},"branchMap":{"1":{"line":14,"type":"if","locations":[{"start":{"line":14,"column":6},"end":{"line":14,"column":6}},{"start":{"line":14,"column":6},"end":{"line":14,"column":6}}]},"2":{"line":15,"type":"if","locations":[{"start":{"line":15,"column":6},"end":{"line":15,"column":6}},{"start":{"line":15,"column":6},"end":{"line":15,"column":6}}]},"3":{"line":16,"type":"if","locations":[{"start":{"line":16,"column":6},"end":{"line":16,"column":6}},{"start":{"line":16,"column":6},"end":{"line":16,"column":6}}]},"4":{"line":17,"type":"if","locations":[{"start":{"line":17,"column":6},"end":{"line":17,"column":6}},{"start":{"line":17,"column":6},"end":{"line":17,"column":6}}]},"5":{"line":25,"type":"if","locations":[{"start":{"line":25,"column":2},"end":{"line":25,"column":2}},{"start":{"line":25,"column":2},"end":{"line":25,"column":2}}]},"6":{"line":27,"type":"if","locations":[{"start":{"line":27,"column":2},"end":{"line":27,"column":2}},{"start":{"line":27,"column":2},"end":{"line":27,"column":2}}]},"7":{"line":29,"type":"if","locations":[{"start":{"line":29,"column":2},"end":{"line":29,"column":2}},{"start":{"line":29,"column":2},"end":{"line":29,"column":2}}]},"8":{"line":31,"type":"if","locations":[{"start":{"line":31,"column":2},"end":{"line":31,"column":2}},{"start":{"line":31,"column":2},"end":{"line":31,"column":2}}]},"9":{"line":42,"type":"if","locations":[{"start":{"line":42,"column":8},"end":{"line":42,"column":8}},{"start":{"line":42,"column":8},"end":{"line":42,"column":8}}]},"10":{"line":46,"type":"if","locations":[{"start":{"line":46,"column":8},"end":{"line":46,"column":8}},{"start":{
[...]
rts.js":{"path":"/home/travis/build/npmtest/node-npmtest-strava-v3/node_modules/strava-v3/lib/segmentEfforts.js","s":{"1":1,"2":1,"3":1,"4":0,"5":0,"6":0,"7":0,"8":0,"9":0,"10":1},"b":{"1":[0,0]},"f":{"1":0},"fnMap":{"1":{"name":"(anonymous_1)","line":11,"loc":{"start":{"line":11,"column":21},"end":{"line":11,"column":41}}}},"statementMap":{"1":{"start":{"line":5,"column":0},"end":{"line":6,"column":5}},"2":{"start":{"line":8,"column":0},"end":{"line":8,"column":24}},"3":{"start":{"line":11,"column":0},"end":{"line":24,"column":2}},"4":{"start":{"line":13,"column":4},"end":{"line":14,"column":21}},"5":{"start":{"line":17,"column":4},"end":{"line":20,"column":5}},"6":{"start":{"line":18,"column":8},"end":{"line":18,"column":53}},"7":{"start":{"line":19,"column":8},"end":{"line":19,"column":25}},"8":{"start":{"line":22,"column":4},"end":{"line":22,"column":24}},"9":{"start":{"line":23,"column":4},"end":{"line":23,"column":41}},"10":{"start":{"line":27,"column":0},"end":{"line":27,"column":32}}},"branchMap":{"1":{"line":17,"type":"if","locations":[{"start":{"line":17,"column":4},"end":{"line":17,"column":4}},{"start":{"line":17,"column":4},"end":{"line":17,"column":4}}]}},"code":["/**"," * Created by austin on 9/23/14."," */","","var util = require('./util')","    ;","","var segmentEfforts = {};","","//===== segment_efforts endpoint =====","segmentEfforts.get = function(args,done) {","","    var endpoint = 'segment_efforts/'","        , err = null;","","    //require segment id","    if(typeof args.id === 'undefined') {","        err = {msg:'args must include a segment id'};","        return done(err);","    }","","    endpoint += args.id;","    util.getEndpoint(endpoint,args,done);","};","//===== segment_efforts endpoint =====","","module.exports = segmentEfforts;",""],"l":{"5":1,"8":1,"11":1,"13":0,"17":0,"18":0,"19":0,"22":0,"23":0,"27":1}},"/home/travis/build/npmtest/node-npmtest-strava-v3/node_modules/strava-v3/lib/streams.js":{"path":"/home/travis/build/npmtest/node-npmtest-strava-v3/node_modules/strava-v3/lib/streams.js","s":{"1":1,"2":1,"3":1,"4":0,"5":0,"6":1,"7":0,"8":0,"9":1,"10":0,"11":0,"12":1,"13":0,"14":0,"15":1,"16":0,"17":0,"18":0,"19":0,"20":0,"21":0,"22":0,"23":0,"24":0,"25":1},"b":{"1":[0,0],"2":[0,0]},"f":{"1":0,"2":0,"3":0,"4":0,"5":0},"fnMap":{"1":{"name":"(anonymous_1)","line":14,"loc":{"start":{"line":14,"column":19},"end":{"line":14,"column":39}}},"2":{"name":"(anonymous_2)","line":20,"loc":{"start":{"line":20,"column":17},"end":{"line":20,"column":37}}},"3":{"name":"(anonymous_3)","line":26,"loc":{"start":{"line":26,"column":18},"end":{"line":26,"column":38}}},"4":{"name":"(anonymous_4)","line":32,"loc":{"start":{"line":32,"column":16},"end":{"line":32,"column":36}}},"5":{"name":"(anonymous_5)","line":40,"loc":{"start":{"line":40,"column":18},"end":{"line":40,"column":47}}}},"statementMap":{"1":{"start":{"line":5,"column":0},"end":{"line":5,"column":29}},"2":{"start":{"line":7,"column":0},"end":{"line":11,"column":6}},"3":{"start":{"line":14,"column":0},"end":{"line":18,"column":2}},"4":{"start":{"line":16,"column":4},"end":{"line":16,"column":32}},"5":{"start":{"line":17,"column":4},"end":{"line":17,"column":36}},"6":{"start":{"line":20,"column":0},"end":{"line":24,"column":2}},"7":{"start":{"line":22,"column":4},"end":{"line":22,"column":37}},"8":{"start":{"line":23,"column":4},"end":{"line":23,"column":36}},"9":{"start":{"line":26,"column":0},"end":{"line":30,"column":2}},"10":{"start":{"line":28,"column":4},"end":{"line":28,"column":30}},"11":{"start":{"line":29,"column":4},"end":{"line":29,"column":36}},"12":{"start":{"line":32,"column":0},"end":{"line":36,"column":2}},"13":{"start":{"line":34,"column":4},"end":{"line":34,"column":28}},"14":{"start":{"line":35,"column":4},"end":{"line":35,"column":36}},"15":{"start":{"line":40,"column":0},"end":{"line":58,"column":2}},"16":{"start":{"line":42,"column":4},"end":{"line":43,"column":48}},"17":{"start":{"line":46,"column":4},"end":{"line":49,"column":5}},"18":{"start":{"line":47,"column":8},"end":{"line":47,"column":48}},"19":{"start":{"line":48,"column":8},"end":{"line":48,"column":25}},"20":{"start":{"line":51,"column":4},"end":{"line":54,"column":5}},"21":{"start":{"line":52,"column":8},"end":{"line":52,"column":48}},"22":{"start":{"line":53,"column":8},"end":{"line":53,"column":25}},"23":{"start":{"line":56,"column":4},"end":{"line":56,"column":68}},"24":{"start":{"line":57,"column":4},"end":{"line":57,"column":41}},"25":{"start":{"line":61,"column":0},"end":{"line":61,"column":25}}},"branchMap":{"1":{"line":46,"type":"if","locations":[{"start":{"line":46,"column":4},"end":{"line":46,"column":4}},{"start":{"line":46,"column":4},"end":{"line":46,"column":4}}]},"2":{"line":51,"type":"if","locations":[{"start":{"line":51,"column":4},"end":{"line":51,"column":4}},{"start":{"line":51,"column":4},"end":{"line":51,"column":4}}]}},"code":["/**"," * Created by austin on 9/24/14."," */","","var util = require('./util');","","var streams = {}","    , _qsAllowedProps = [","        'resolution'","        , 'series_type'","    ];","","//===== streams endpoint =====","streams.activity = function(args,done) {","","    var endpoint = 'activities';","    _typeHelper(endpoint,args,done);","};","","streams.effort = function(args,done) {","","    var endpoint = 'segment_efforts';","    _typeHelper(endpoint,args,done);","};","","streams.segment = function(args,done) {","","    var endpoint = 'segments';","    _typeHelper(endpoint,args,done);","};","","streams.route = function(args,done) {","","    var endpoint = 'routes';","    _typeHelper(endpoint,args,done);","};","//===== streams endpoint =====","","//===== helpers =====","var _typeHelper = function(endpoint,args,done) {","","    var err = null","        , qs = util.getQS(_qsAllowedProps,args);","","    //require id","    if(typeof args.id === 'undefined') {","        err = {'msg':'args must include an id'};","        return done(err);","    }","    //require types","    if(typeof args.types === 'undefined') {","        err = {'msg':'args must include types'};","        return done(err);","    }","","    endpoint += '/' + args.id + '/streams/' + args.types + '?' + qs;","    util.getEndpoint(endpoint,args,done);","};","//===== helpers =====","","module.exports = streams;",""],"l":{"5":1,"7":1,"14":1,"16":0,"17":0,"20":1,"22":0,"23":0,"26":1,"28":0,"29":0,"32":1,"34":0,"35":0,"40":1,"42":0,"46":0,"47":0,"48":0,"51":0,"52":0,"53":0,"56":0,"57":0,"61":1}},"/home/travis/build/npmtest/node-npmtest-strava-v3/node_modules/strava-v3/lib/uploads.js":{"path":"/home/travis/build/npmtest/node-npmtest-strava-v3/node_modules/strava-v3/lib/uploads.js","s":{"1":1,"2":1,"3":1,"4":0,"5":0,"6":0,"7":0,"8":0,"9":0,"10":0,"11":0,"12":0,"13":0,"14":0,"15":0,"16":0,"17":1,"18":0,"19":0,"20":0,"21":0,"22":0,"23":0,"24":0,"25":0,"26":0,"27":1,"28":0,"29":0,"30":0,"31":0,"32":0,"33":0,"34":1},"b":{"1":[0,0],"2":[0,0],"3":[0,0],"4":[0,0],"5":[0,0],"6":[0,0],"7":[0,0],"8":[0,0]},"f":{"1":0,"2":0,"3":0,"4":0,"5":0,"6":0},"fnMap":{"1":{"name":"(anonymous_1)","line":17,"loc":{"start":{"line":17,"column":15},"end":{"line":17,"column":35}}},"2":{"name":"(anonymous_2)","line":38,"loc":{"start":{"line":38,"column":25},"end":{"line":38,"column":47}}},"3":{"name":"(anonymous_3)","line":56,"loc":{"start":{"line":56,"column":17},"end":{"line":56,"column":35}}},"4":{"name":"(anonymous_4)","line":62,"loc":{"start":{"line":62,"column":35},"end":{"line":62,"column":57}}},"5":{"name":"(anonymous_5)","line":67,"loc":{"start":{"line":67,"column":27},"end":{"line":67,"column":38}}},"6":{"name":"(anonymous_6)","line":78,"loc":{"start":{"line":78,"column":24},"end":{"line":78,"column":39}}}},"statementMap":{"1":{"start":{"line":5,"column":0},"end":{"line":5,"column":29}},"2":{"start":{"line":7,"column":0},"end":{"line":15,"column":6}},"3":{"start":{"line":17,"column":0},"end":{"line":54,"column":2}},"4":{"start":{"line":19,"column":4},"end":{"line":20,"column":22}},"5":{"start":{"line":23,"column":4},"end":{"line":29,"column":5}},"6":{"start":{"line":27,"column":8},"end":{"line":27,"column":66}},"7":{"start":{"line":28,"column":8},"end":{"line":28,"column":25}},"8":{"start":{"line":32,"column":4},"end":{"line":32,"column":23}},"9":{"start":{"line":33,"column":4},"end":{"line":36,"column":5}},"10":{"start":{"line":34,"column":8},"end":{"line":35,"column":77}},"11":{"start":{"line":35,"column":12},"end":{"line":35,"column":77}},"12":{"start":{"line":38,"column":4},"end":{"line":53,"column":7}},"13":{"start":{"line":42,"column":8},"end":{"line":42,"column":26}},"14":{"start":{"line":44,"column":8},"end":{"line":51,"column":9}},"15":{"start":{"line":46,"column":12},"end":{"line":49,"column":14}},"16":{"start":{"line":50,"column":12},"end":{"line":50,"column":55}},"17":{"start":{"line":56,"column":0},"end":{"line":76,"column":2}},"18":{"start":{"line":58,"column":4},"end":{"line":59,"column":22}},"19":{"start":{"line":61,"column":4},"end":{"line":61,"column":30}},"20":{"start":{"line":62,"column":4},"end":{"line":75,"column":7}},"21":{"start":{"line":64,"column":8},"end":{"line":74,"column":9}},"22":{"start":{"line":65,"column":12},"end":{"line":65,"column":28}},"23":{"start":{"line":66,"column":12},"end":{"line":70,"column":25}},"24":{"start":{"line":67,"column":16},"end":{"line":70,"column":25}},"25":{"start":{"line":69,"column":20},"end":{"line":69,"column":41}},"26":{"start":{"line":73,"column":12},"end":{"line":73,"column":20}},"27":{"start":{"line":78,"column":0},"end":{"line":93,"column":2}},"28":{"start":{"line":80,"column":4},"end":{"line":80,"column":23}},"29":{"start":{"line":82,"column":4},"end":{"line":90,"column":5}},"30":{"start":{"line":85,"column":12},"end":{"line":85,"column":27}},"31":{"start":{"line":86,"column":12},"end":{"line":86,"column":18}},"32":{"start":{"line":89,"column":12},"end":{"line":89,"column":26}},"33":{"start":{"line":92,"column":4},"end":{"line":92,"column":18}},"34":{"start":{"line":95,"column":0},"end":{"line":95,"column":25}}},"branchMap":{"1":{"line":23,"type":"if","locations":[{"start":{"line":23,"column":4},"end":{"line":23,"column":4}},{"start":{"line":23,"column":4},"end":{"line":23,"column":4}}]},"2":{"line":24,"type":"binary-expr","locations":[{"start":{"line":24,"column":8},"end":{"line":24,"column":40}},{"start":{"line":24,"column":44},"end":{"line":24,"column":80}}]},"3":{"line":34,"type":"if","locations":[{"start":{"line":34,"column":8},"end":{"line":34,"column":8}},{"start":{"line":34,"column":8},"end":{"line":34,"column":8}}]},"4":{"line":44,"type":"if","locations":[{"start":{"line":44,"column":8},"end":{"line":44,"column":8}},{"start":{"line":44,"column":8},"end":{"line":44,"column":8}}]},"5":{"line":44,"type":"binary-expr","locations":[{"start":{"line":44,"column":11},"end":{"line":44,"column":15}},{"start":{"line":44,"column":19},"end":{"line":44,"column":38}}]},"6":{"line":64,"type":"if","locations":[{"start":{"line":64,"column":8},"end":{"line":64,"column":8}},{"start":{"line":64,"column":8},"end":{"line":64,"column":8}}]},"7":{"line":66,"type":"if","locations":[{"start":{"line":66,"column":12},"end":{"line":66,"column":12}},{"start":{"line":66,"column":12},"end":{"line":66,"column":12}}]},"8":{"line":82,"type":"switch","locations":[{"start":{"line":84,"column":8},"end":{"line":86,"column":18}},{"start":{"line":88,"column":8},"end":{"line":89,"column":26}}]}},"code":["/**"," * Created by austin on 9/25/14."," */","","var util = require('./util');","","var uploads = {}","    , _allowedFormProps = [","        'activity_type'","        , 'name'","        , 'description'","        , 'private'","        , 'trainer'","        , 'data_type'","    ];","","uploads.post = function(args,done) {","","    var err = null","        , self = this;","","    //various requirements","    if(","        typeof args.file === 'undefined' || typeof args.data_type == 'undefined'","        ) {","","        err = {'msg':'args must include both file and data_type'};","        return done(err);","    }","","    //setup formData for request","    args.formData = {};","    for(var i = 0; i < _allowedFormProps.length; i++) {","        if(args[_allowedFormProps[i]])","            args.formData[_allowedFormProps[i]] = args[_allowedFormProps[i]];","    }","","    util.postUpload(args,function(err,payload) {","","        // finish off this branch of the call and let the","        // status checking bit happen after","        done(err,payload);","","        if(!err && args.statusCallback) {","","            var checkArgs = {","              id: payload.id,","              access_token: args.access_token","            };","            self._check(checkArgs,args.statusCallback);","        }","","    });","};","","uploads._check = function(args,cb) {","","    var endpoint = 'uploads'","        , self = this;","","    endpoint += '/' + args.id;","    util.getEndpoint(endpoint,args,function(err,payload) {","","        if(!err) {","            cb(err,payload);","            if(!self._uploadIsDone(payload))","                setTimeout(function() {","","                    self._check(args,cb);","                }, 1000);","        }","        else {","            cb(err);","        }","    });","};","","uploads._uploadIsDone = function(args) {","","    var isDone = false;","","    switch (args.status)","    {","        case 'Your activity is still being processed.':","            isDone = false;","            break;","","        default:","            isDone = true;","    }","","    return isDone;","};","","module.exports = uploads;",""],"l":{"5":1,"7":1,"17":1,"19":0,"23":0,"27":0,"28":0,"32":0,"33":0,"34":0,"35":0,"38":0,"42":0,"44":0,"46":0,"50":0,"56":1,"58":0,"61":0,"62":0,"64":0,"65":0,"66":0,"67":0,"69":0,"73":0,"78":1,"80":0,"82":0,"85":0,"86":0,"89":0,"92":0,"95":1}},"/home/travis/build/npmtest/node-npmtest-strava-v3/node_modules/strava-v3/lib/runningRaces.js":{"path":"/home/travis/build/npmtest/node-npmtest-strava-v3/node_modules/strava-v3/lib/runningRaces.js","s":{"1":1,"2":1,"3":1,"4":0,"5":0,"6":0,"7":0,"8":0,"9":0,"10":1,"11":0,"12":0,"13":1},"b":{"1":[0,0]},"f":{"1":0,"2":0},"fnMap":{"1":{"name":"(anonymous_1)","line":13,"loc":{"start":{"line":13,"column":19},"end":{"line":13,"column":39}}},"2":{"name":"(anonymous_2)","line":27,"loc":{"start":{"line":27,"column":25},"end":{"line":27,"column":45}}}},"statementMap":{"1":{"start":{"line":5,"column":0},"end":{"line":5,"column":29}},"2":{"start":{"line":7,"column":0},"end":{"line":10,"column":6}},"3":{"start":{"line":13,"column":0},"end":{"line":25,"column":2}},"4":{"start":{"line":14,"column":4},"end":{"line":15,"column":21}},"5":{"start":{"line":18,"column":4},"end":{"line":21,"column":5}},"6":{"start":{"line":19,"column":8},"end":{"line":19,"column":51}},"7":{"start":{"line":20,"column":8},"end":{"line":20,"column":25}},"8":{"start":{"line":23,"column":4},"end":{"line":23,"column":24}},"9":{"start":{"line":24,"column":4},"end":{"line":24,"column":41}},"10":{"start":{"line":27,"column":0},"end":{"line":32,"column":2}},"11":{"start":{"line":28,"column":4},"end":{"line":29,"column":43}},"12":{"start":{"line":31,"column":4},"end":{"line":31,"column":41}},"13":{"start":{"line":35,"column":0},"end":{"line":35,"column":30}}},"branchMap":{"1":{"line":18,"type":"if","locations":[{"start":{"line":18,"column":4},"end":{"line":18,"column":4}},{"start":{"line":18,"column":4},"end":{"line":18,"column":4}}]}},"code":["/**"," * Created by ozqu on 12/31/16."," */","","var util = require('./util');","","var runningRaces= {}","    , _qsAllowedProps = [","        'year'","    ];","","//===== running_races endpoint =====","runningRaces.get = function(args,done) {","    var endpoint = 'running_races/'","        , err = null;","","    //require running race id","    if(typeof args.id === 'undefined') {","        err = {msg:'args must include an race id'};","        return done(err);","    }","","    endpoint += args.id;","    util.getEndpoint(endpoint,args,done);","};","","runningRaces.listRaces = function(args,done) {","    var qs = util.getQS(_qsAllowedProps,args)","        , endpoint = 'running_races?' + qs;","","    util.getEndpoint(endpoint,args,done);","};","","//===== running_races endpoint =====","module.exports = runningRaces;",""],"l":{"5":1,"7":1,"13":1,"14":0,"18":0,"19":0,"20":0,"23":0,"24":0,"27":1,"28":0,"31":0,"35":1}},"/home/travis/build/npmtest/node-npmtest-strava-v3/node_modules/strava-v3/lib/routes.js":{"path":"/home/travis/build/npmtest/node-npmtest-strava-v3/node_modules/strava-v3/lib/routes.js","s":{"1":1,"2":1,"3":1,"4":0,"5":0,"6":0,"7":0,"8":0,"9":0,"10":1},"b":{"1":[0,0]},"f":{"1":0},"fnMap":{"1":{"name":"(anonymous_1)","line":12,"loc":{"start":{"line":12,"column":13},"end":{"line":12,"column":33}}}},"statementMap":{"1":{"start":{"line":5,"column":0},"end":{"line":6,"column":5}},"2":{"start":{"line":8,"column":0},"end":{"line":9,"column":27}},"3":{"start":{"line":12,"column":0},"end":{"line":26,"column":2}},"4":{"start":{"line":14,"column":4},"end":{"line":16,"column":48}},"5":{"start":{"line":19,"column":4},"end":{"line":22,"column":5}},"6":{"start":{"line":20,"column":8},"end":{"line":20,"column":52}},"7":{"start":{"line":21,"column":8},"end":{"line":21,"column":25}},"8":{"start":{"line":24,"column":4},"end":{"line":24,"column":35}},"9":{"start":{"line":25,"column":4},"end":{"line":25,"column":41}},"10":{"start":{"line":29,"column":0},"end":{"line":29,"column":24}}},"branchMap":{"1":{"line":19,"type":"if","locations":[{"start":{"line":19,"column":4},"end":{"line":19,"column":4}},{"start":{"line":19,"column":4},"end":{"line":19,"column":4}}]}},"code":["/**"," * Created by dhritzkiv on 9/20/14."," */","","var util = require('./util')","    ;","","var routes = {}","    , _qsAllowedProps = [];","","//===== routes endpoint =====","routes.get = function(args,done) {","","    var endpoint = 'routes/'","        , err = null","        , qs = util.getQS(_qsAllowedProps,args);","","    //require route id","    if(typeof args.id === 'undefined') {","        err = {msg:'args must include an route id'};","        return done(err);","    }","","    endpoint += args.id + '?' + qs;","    util.getEndpoint(endpoint,args,done);","};","//===== routes endpoint =====","","module.exports = routes;",""],"l":{"5":1,"8":1,"12":1,"14":0,"19":0,"20":0,"21":0,"24":0,"25":0,"29":1}},"/home/travis/build/npmtest/node-npmtest-strava-v3/node_modules/strava-v3/gruntfile.js":{"path":"/home/travis/build/npmtest/node-npmtest-strava-v3/node_modules/strava-v3/gruntfile.js","s":{"1":1,"2":0,"3":0,"4":0,"5":0},"b":{},"f":{"1":0},"fnMap":{"1":{"name":"(anonymous_1)","line":5,"loc":{"start":{"line":5,"column":17},"end":{"line":5,"column":33}}}},"statementMap":{"1":{"start":{"line":5,"column":0},"end":{"line":34,"column":2}},"2":{"start":{"line":6,"column":4},"end":{"line":28,"column":7}},"3":{"start":{"line":30,"column":4},"end":{"line":30,"column":47}},"4":{"start":{"line":31,"column":4},"end":{"line":31,"column":45}},"5":{"start":{"line":33,"column":4},"end":{"line":33,"column":61}}},"branchMap":{},"code":["/**"," * Created by austin on 9/23/14."," */","","module.exports = function(grunt) {","    grunt.initConfig({","","        pkg: grunt.file.readJSON('package.json')","        , jshint: {","            all: ['gruntfile.js', 'lib/*.js'],","            options: {","                maxlen: 80","                , quotmark: 'single'","                , laxcomma: true","            }","        }","        , simplemocha: {","            options: {","                globals: ['should']","                , timeout: 20000","                , ignoreLeaks: false","                , ui: 'bdd'","                , reporter: 'spec'","            },","            all: { src: ['test/*.js'] }","        }","","    });","","    grunt.loadNpmTasks('grunt-contrib-jshint');","    grunt.loadNpmTasks('grunt-simple-mocha');","","    grunt.registerTask('default', ['jshint', 'simplemocha']);","};",""],"l":{"5":1,"6":0,"30":0,"31":0,"33":0}}}